{"C:\\Users\\拾夕\\SE2\\Pub_V2\\PULSeBS_Repo\\pulsebs-server\\User.js": {"path":"C:\\Users\\拾夕\\SE2\\Pub_V2\\PULSeBS_Repo\\pulsebs-server\\User.js","statementMap":{"0":{"start":{"line":4,"column":8},"end":{"line":4,"column":21}},"1":{"start":{"line":5,"column":8},"end":{"line":5,"column":27}},"2":{"start":{"line":6,"column":8},"end":{"line":6,"column":25}},"3":{"start":{"line":7,"column":8},"end":{"line":7,"column":25}},"4":{"start":{"line":8,"column":8},"end":{"line":8,"column":31}},"5":{"start":{"line":11,"column":8},"end":{"line":11,"column":25}},"6":{"start":{"line":15,"column":0},"end":{"line":15,"column":22}}},"fnMap":{"0":{"name":"(anonymous_0)","decl":{"start":{"line":2,"column":4},"end":{"line":2,"column":5}},"loc":{"start":{"line":2,"column":54},"end":{"line":12,"column":5}},"line":2}},"branchMap":{},"s":{"0":1,"1":1,"2":1,"3":1,"4":1,"5":1,"6":2},"f":{"0":1},"b":{},"_coverageSchema":"1a1c01bbd47fc00a2c39e90264f33305004495a9","hash":"e81a949eda5a736eab3034c7c5a83ea7b6fdee74"}
,"C:\\Users\\拾夕\\SE2\\Pub_V2\\PULSeBS_Repo\\pulsebs-server\\pulsebsDAO.js": {"path":"C:\\Users\\拾夕\\SE2\\Pub_V2\\PULSeBS_Repo\\pulsebs-server\\pulsebsDAO.js","statementMap":{"0":{"start":{"line":1,"column":16},"end":{"line":1,"column":46}},"1":{"start":{"line":2,"column":11},"end":{"line":2,"column":26}},"2":{"start":{"line":3,"column":15},"end":{"line":3,"column":34}},"3":{"start":{"line":5,"column":13},"end":{"line":5,"column":32}},"4":{"start":{"line":11,"column":18},"end":{"line":11,"column":59}},"5":{"start":{"line":12,"column":17},"end":{"line":12,"column":57}},"6":{"start":{"line":13,"column":24},"end":{"line":13,"column":53}},"7":{"start":{"line":14,"column":24},"end":{"line":14,"column":52}},"8":{"start":{"line":15,"column":4},"end":{"line":35,"column":8}},"9":{"start":{"line":16,"column":8},"end":{"line":16,"column":45}},"10":{"start":{"line":17,"column":8},"end":{"line":17,"column":39}},"11":{"start":{"line":18,"column":8},"end":{"line":25,"column":12}},"12":{"start":{"line":19,"column":12},"end":{"line":24,"column":13}},"13":{"start":{"line":20,"column":16},"end":{"line":20,"column":29}},"14":{"start":{"line":21,"column":16},"end":{"line":23,"column":20}},"15":{"start":{"line":22,"column":20},"end":{"line":22,"column":41}},"16":{"start":{"line":22,"column":31},"end":{"line":22,"column":41}},"17":{"start":{"line":26,"column":8},"end":{"line":33,"column":12}},"18":{"start":{"line":27,"column":12},"end":{"line":32,"column":13}},"19":{"start":{"line":28,"column":16},"end":{"line":28,"column":29}},"20":{"start":{"line":29,"column":16},"end":{"line":31,"column":20}},"21":{"start":{"line":30,"column":20},"end":{"line":30,"column":41}},"22":{"start":{"line":30,"column":31},"end":{"line":30,"column":41}},"23":{"start":{"line":34,"column":8},"end":{"line":34,"column":28}},"24":{"start":{"line":41,"column":0},"end":{"line":62,"column":1}},"25":{"start":{"line":42,"column":4},"end":{"line":61,"column":5}},"26":{"start":{"line":44,"column":23},"end":{"line":44,"column":40}},"27":{"start":{"line":46,"column":8},"end":{"line":49,"column":9}},"28":{"start":{"line":48,"column":12},"end":{"line":48,"column":110}},"29":{"start":{"line":51,"column":8},"end":{"line":54,"column":12}},"30":{"start":{"line":52,"column":12},"end":{"line":53,"column":83}},"31":{"start":{"line":52,"column":23},"end":{"line":52,"column":59}},"32":{"start":{"line":53,"column":17},"end":{"line":53,"column":83}},"33":{"start":{"line":55,"column":8},"end":{"line":55,"column":19}},"34":{"start":{"line":57,"column":8},"end":{"line":60,"column":12}},"35":{"start":{"line":58,"column":12},"end":{"line":59,"column":78}},"36":{"start":{"line":58,"column":23},"end":{"line":58,"column":59}},"37":{"start":{"line":59,"column":17},"end":{"line":59,"column":78}},"38":{"start":{"line":73,"column":0},"end":{"line":99,"column":2}},"39":{"start":{"line":74,"column":4},"end":{"line":98,"column":8}},"40":{"start":{"line":75,"column":33},"end":{"line":75,"column":34}},"41":{"start":{"line":77,"column":19},"end":{"line":79,"column":55}},"42":{"start":{"line":81,"column":8},"end":{"line":96,"column":9}},"43":{"start":{"line":81,"column":22},"end":{"line":81,"column":23}},"44":{"start":{"line":82,"column":12},"end":{"line":95,"column":16}},"45":{"start":{"line":83,"column":16},"end":{"line":94,"column":17}},"46":{"start":{"line":84,"column":20},"end":{"line":84,"column":34}},"47":{"start":{"line":85,"column":23},"end":{"line":94,"column":17}},"48":{"start":{"line":87,"column":20},"end":{"line":87,"column":41}},"49":{"start":{"line":88,"column":20},"end":{"line":88,"column":72}},"50":{"start":{"line":88,"column":52},"end":{"line":88,"column":72}},"51":{"start":{"line":91,"column":30},"end":{"line":91,"column":37}},"52":{"start":{"line":92,"column":33},"end":{"line":92,"column":102}},"53":{"start":{"line":93,"column":20},"end":{"line":93,"column":36}},"54":{"start":{"line":105,"column":0},"end":{"line":129,"column":1}},"55":{"start":{"line":106,"column":4},"end":{"line":128,"column":10}},"56":{"start":{"line":108,"column":25},"end":{"line":113,"column":64}},"57":{"start":{"line":115,"column":24},"end":{"line":115,"column":141}},"58":{"start":{"line":117,"column":8},"end":{"line":127,"column":12}},"59":{"start":{"line":118,"column":12},"end":{"line":118,"column":37}},"60":{"start":{"line":118,"column":23},"end":{"line":118,"column":37}},"61":{"start":{"line":119,"column":12},"end":{"line":126,"column":32}},"62":{"start":{"line":122,"column":16},"end":{"line":125,"column":20}},"63":{"start":{"line":124,"column":20},"end":{"line":124,"column":55}},"64":{"start":{"line":126,"column":19},"end":{"line":126,"column":32}},"65":{"start":{"line":135,"column":0},"end":{"line":164,"column":1}},"66":{"start":{"line":136,"column":4},"end":{"line":163,"column":10}},"67":{"start":{"line":137,"column":20},"end":{"line":157,"column":31}},"68":{"start":{"line":158,"column":8},"end":{"line":162,"column":12}},"69":{"start":{"line":159,"column":12},"end":{"line":159,"column":37}},"70":{"start":{"line":159,"column":23},"end":{"line":159,"column":37}},"71":{"start":{"line":160,"column":12},"end":{"line":161,"column":30}},"72":{"start":{"line":160,"column":24},"end":{"line":160,"column":40}},"73":{"start":{"line":161,"column":17},"end":{"line":161,"column":30}},"74":{"start":{"line":170,"column":0},"end":{"line":191,"column":1}},"75":{"start":{"line":171,"column":4},"end":{"line":190,"column":10}},"76":{"start":{"line":172,"column":20},"end":{"line":184,"column":64}},"77":{"start":{"line":185,"column":8},"end":{"line":189,"column":12}},"78":{"start":{"line":186,"column":12},"end":{"line":186,"column":37}},"79":{"start":{"line":186,"column":23},"end":{"line":186,"column":37}},"80":{"start":{"line":187,"column":12},"end":{"line":188,"column":30}},"81":{"start":{"line":187,"column":24},"end":{"line":187,"column":40}},"82":{"start":{"line":188,"column":17},"end":{"line":188,"column":30}},"83":{"start":{"line":197,"column":0},"end":{"line":206,"column":1}},"84":{"start":{"line":198,"column":4},"end":{"line":205,"column":10}},"85":{"start":{"line":199,"column":20},"end":{"line":199,"column":93}},"86":{"start":{"line":200,"column":8},"end":{"line":204,"column":12}},"87":{"start":{"line":201,"column":12},"end":{"line":201,"column":37}},"88":{"start":{"line":201,"column":23},"end":{"line":201,"column":37}},"89":{"start":{"line":202,"column":12},"end":{"line":203,"column":30}},"90":{"start":{"line":202,"column":24},"end":{"line":202,"column":40}},"91":{"start":{"line":203,"column":17},"end":{"line":203,"column":30}},"92":{"start":{"line":212,"column":0},"end":{"line":223,"column":1}},"93":{"start":{"line":213,"column":4},"end":{"line":222,"column":10}},"94":{"start":{"line":214,"column":20},"end":{"line":216,"column":104}},"95":{"start":{"line":217,"column":8},"end":{"line":221,"column":12}},"96":{"start":{"line":218,"column":12},"end":{"line":218,"column":37}},"97":{"start":{"line":218,"column":23},"end":{"line":218,"column":37}},"98":{"start":{"line":219,"column":12},"end":{"line":220,"column":28}},"99":{"start":{"line":219,"column":24},"end":{"line":219,"column":40}},"100":{"start":{"line":220,"column":17},"end":{"line":220,"column":28}},"101":{"start":{"line":230,"column":0},"end":{"line":239,"column":1}},"102":{"start":{"line":231,"column":4},"end":{"line":238,"column":10}},"103":{"start":{"line":232,"column":20},"end":{"line":232,"column":78}},"104":{"start":{"line":233,"column":8},"end":{"line":237,"column":12}},"105":{"start":{"line":234,"column":12},"end":{"line":234,"column":37}},"106":{"start":{"line":234,"column":23},"end":{"line":234,"column":37}},"107":{"start":{"line":235,"column":12},"end":{"line":236,"column":30}},"108":{"start":{"line":235,"column":32},"end":{"line":235,"column":45}},"109":{"start":{"line":236,"column":17},"end":{"line":236,"column":30}},"110":{"start":{"line":245,"column":0},"end":{"line":254,"column":1}},"111":{"start":{"line":246,"column":4},"end":{"line":253,"column":10}},"112":{"start":{"line":247,"column":20},"end":{"line":247,"column":68}},"113":{"start":{"line":248,"column":8},"end":{"line":252,"column":12}},"114":{"start":{"line":249,"column":12},"end":{"line":249,"column":37}},"115":{"start":{"line":249,"column":23},"end":{"line":249,"column":37}},"116":{"start":{"line":250,"column":12},"end":{"line":251,"column":30}},"117":{"start":{"line":250,"column":32},"end":{"line":250,"column":45}},"118":{"start":{"line":251,"column":17},"end":{"line":251,"column":30}},"119":{"start":{"line":261,"column":0},"end":{"line":292,"column":1}},"120":{"start":{"line":262,"column":4},"end":{"line":291,"column":10}},"121":{"start":{"line":263,"column":20},"end":{"line":285,"column":64}},"122":{"start":{"line":286,"column":8},"end":{"line":290,"column":12}},"123":{"start":{"line":287,"column":12},"end":{"line":287,"column":37}},"124":{"start":{"line":287,"column":23},"end":{"line":287,"column":37}},"125":{"start":{"line":288,"column":12},"end":{"line":289,"column":30}},"126":{"start":{"line":288,"column":24},"end":{"line":288,"column":40}},"127":{"start":{"line":289,"column":17},"end":{"line":289,"column":30}},"128":{"start":{"line":298,"column":0},"end":{"line":307,"column":1}},"129":{"start":{"line":299,"column":4},"end":{"line":306,"column":10}},"130":{"start":{"line":300,"column":20},"end":{"line":300,"column":92}},"131":{"start":{"line":301,"column":8},"end":{"line":305,"column":12}},"132":{"start":{"line":302,"column":12},"end":{"line":302,"column":37}},"133":{"start":{"line":302,"column":23},"end":{"line":302,"column":37}},"134":{"start":{"line":303,"column":12},"end":{"line":304,"column":30}},"135":{"start":{"line":303,"column":32},"end":{"line":303,"column":45}},"136":{"start":{"line":304,"column":17},"end":{"line":304,"column":30}},"137":{"start":{"line":313,"column":0},"end":{"line":352,"column":1}},"138":{"start":{"line":314,"column":4},"end":{"line":351,"column":10}},"139":{"start":{"line":315,"column":20},"end":{"line":345,"column":48}},"140":{"start":{"line":346,"column":8},"end":{"line":350,"column":12}},"141":{"start":{"line":347,"column":12},"end":{"line":349,"column":28}},"142":{"start":{"line":347,"column":23},"end":{"line":347,"column":37}},"143":{"start":{"line":348,"column":17},"end":{"line":349,"column":28}},"144":{"start":{"line":348,"column":29},"end":{"line":348,"column":45}},"145":{"start":{"line":349,"column":17},"end":{"line":349,"column":28}},"146":{"start":{"line":358,"column":0},"end":{"line":367,"column":1}},"147":{"start":{"line":359,"column":4},"end":{"line":366,"column":10}},"148":{"start":{"line":360,"column":20},"end":{"line":360,"column":110}},"149":{"start":{"line":361,"column":8},"end":{"line":365,"column":12}},"150":{"start":{"line":362,"column":12},"end":{"line":362,"column":37}},"151":{"start":{"line":362,"column":23},"end":{"line":362,"column":37}},"152":{"start":{"line":363,"column":12},"end":{"line":364,"column":30}},"153":{"start":{"line":363,"column":32},"end":{"line":363,"column":45}},"154":{"start":{"line":364,"column":17},"end":{"line":364,"column":30}},"155":{"start":{"line":374,"column":0},"end":{"line":397,"column":1}},"156":{"start":{"line":375,"column":4},"end":{"line":396,"column":10}},"157":{"start":{"line":376,"column":20},"end":{"line":390,"column":40}},"158":{"start":{"line":391,"column":8},"end":{"line":395,"column":12}},"159":{"start":{"line":392,"column":12},"end":{"line":392,"column":37}},"160":{"start":{"line":392,"column":23},"end":{"line":392,"column":37}},"161":{"start":{"line":393,"column":12},"end":{"line":394,"column":30}},"162":{"start":{"line":393,"column":24},"end":{"line":393,"column":40}},"163":{"start":{"line":394,"column":17},"end":{"line":394,"column":30}},"164":{"start":{"line":404,"column":0},"end":{"line":422,"column":1}},"165":{"start":{"line":405,"column":4},"end":{"line":421,"column":10}},"166":{"start":{"line":406,"column":20},"end":{"line":415,"column":66}},"167":{"start":{"line":416,"column":8},"end":{"line":420,"column":12}},"168":{"start":{"line":417,"column":12},"end":{"line":417,"column":37}},"169":{"start":{"line":417,"column":23},"end":{"line":417,"column":37}},"170":{"start":{"line":418,"column":12},"end":{"line":419,"column":30}},"171":{"start":{"line":418,"column":24},"end":{"line":418,"column":40}},"172":{"start":{"line":419,"column":17},"end":{"line":419,"column":30}},"173":{"start":{"line":428,"column":0},"end":{"line":440,"column":1}},"174":{"start":{"line":429,"column":4},"end":{"line":439,"column":10}},"175":{"start":{"line":431,"column":20},"end":{"line":433,"column":70}},"176":{"start":{"line":434,"column":8},"end":{"line":438,"column":12}},"177":{"start":{"line":435,"column":12},"end":{"line":435,"column":37}},"178":{"start":{"line":435,"column":23},"end":{"line":435,"column":37}},"179":{"start":{"line":436,"column":12},"end":{"line":437,"column":30}},"180":{"start":{"line":436,"column":24},"end":{"line":436,"column":40}},"181":{"start":{"line":437,"column":17},"end":{"line":437,"column":30}},"182":{"start":{"line":446,"column":0},"end":{"line":478,"column":1}},"183":{"start":{"line":447,"column":4},"end":{"line":477,"column":10}},"184":{"start":{"line":448,"column":18},"end":{"line":448,"column":26}},"185":{"start":{"line":449,"column":26},"end":{"line":449,"column":52}},"186":{"start":{"line":451,"column":20},"end":{"line":471,"column":87}},"187":{"start":{"line":472,"column":8},"end":{"line":476,"column":12}},"188":{"start":{"line":473,"column":12},"end":{"line":473,"column":37}},"189":{"start":{"line":473,"column":23},"end":{"line":473,"column":37}},"190":{"start":{"line":474,"column":12},"end":{"line":475,"column":30}},"191":{"start":{"line":474,"column":24},"end":{"line":474,"column":40}},"192":{"start":{"line":475,"column":17},"end":{"line":475,"column":30}},"193":{"start":{"line":484,"column":0},"end":{"line":508,"column":1}},"194":{"start":{"line":485,"column":4},"end":{"line":507,"column":10}},"195":{"start":{"line":486,"column":18},"end":{"line":486,"column":26}},"196":{"start":{"line":487,"column":26},"end":{"line":487,"column":52}},"197":{"start":{"line":489,"column":20},"end":{"line":501,"column":65}},"198":{"start":{"line":502,"column":8},"end":{"line":506,"column":12}},"199":{"start":{"line":503,"column":12},"end":{"line":503,"column":37}},"200":{"start":{"line":503,"column":23},"end":{"line":503,"column":37}},"201":{"start":{"line":504,"column":12},"end":{"line":505,"column":30}},"202":{"start":{"line":504,"column":24},"end":{"line":504,"column":40}},"203":{"start":{"line":505,"column":17},"end":{"line":505,"column":30}},"204":{"start":{"line":514,"column":0},"end":{"line":523,"column":1}},"205":{"start":{"line":515,"column":4},"end":{"line":522,"column":10}},"206":{"start":{"line":516,"column":20},"end":{"line":516,"column":92}},"207":{"start":{"line":517,"column":8},"end":{"line":521,"column":12}},"208":{"start":{"line":518,"column":12},"end":{"line":518,"column":37}},"209":{"start":{"line":518,"column":23},"end":{"line":518,"column":37}},"210":{"start":{"line":519,"column":12},"end":{"line":520,"column":30}},"211":{"start":{"line":519,"column":32},"end":{"line":519,"column":45}},"212":{"start":{"line":520,"column":17},"end":{"line":520,"column":30}},"213":{"start":{"line":529,"column":0},"end":{"line":538,"column":1}},"214":{"start":{"line":530,"column":4},"end":{"line":537,"column":10}},"215":{"start":{"line":531,"column":20},"end":{"line":531,"column":82}},"216":{"start":{"line":532,"column":8},"end":{"line":536,"column":12}},"217":{"start":{"line":533,"column":12},"end":{"line":533,"column":37}},"218":{"start":{"line":533,"column":23},"end":{"line":533,"column":37}},"219":{"start":{"line":534,"column":12},"end":{"line":535,"column":30}},"220":{"start":{"line":534,"column":24},"end":{"line":534,"column":40}},"221":{"start":{"line":535,"column":17},"end":{"line":535,"column":30}},"222":{"start":{"line":544,"column":0},"end":{"line":553,"column":1}},"223":{"start":{"line":545,"column":4},"end":{"line":552,"column":10}},"224":{"start":{"line":546,"column":20},"end":{"line":546,"column":87}},"225":{"start":{"line":547,"column":8},"end":{"line":551,"column":12}},"226":{"start":{"line":548,"column":12},"end":{"line":548,"column":37}},"227":{"start":{"line":548,"column":23},"end":{"line":548,"column":37}},"228":{"start":{"line":549,"column":12},"end":{"line":550,"column":30}},"229":{"start":{"line":549,"column":32},"end":{"line":549,"column":45}},"230":{"start":{"line":550,"column":17},"end":{"line":550,"column":30}}},"fnMap":{"0":{"name":"loadData","decl":{"start":{"line":9,"column":9},"end":{"line":9,"column":17}},"loc":{"start":{"line":9,"column":20},"end":{"line":36,"column":1}},"line":9},"1":{"name":"(anonymous_1)","decl":{"start":{"line":15,"column":18},"end":{"line":15,"column":19}},"loc":{"start":{"line":15,"column":24},"end":{"line":35,"column":5}},"line":15},"2":{"name":"(anonymous_2)","decl":{"start":{"line":18,"column":29},"end":{"line":18,"column":30}},"loc":{"start":{"line":18,"column":38},"end":{"line":25,"column":9}},"line":18},"3":{"name":"(anonymous_3)","decl":{"start":{"line":21,"column":31},"end":{"line":21,"column":32}},"loc":{"start":{"line":21,"column":38},"end":{"line":23,"column":17}},"line":21},"4":{"name":"(anonymous_4)","decl":{"start":{"line":26,"column":29},"end":{"line":26,"column":30}},"loc":{"start":{"line":26,"column":38},"end":{"line":33,"column":9}},"line":26},"5":{"name":"(anonymous_5)","decl":{"start":{"line":29,"column":31},"end":{"line":29,"column":32}},"loc":{"start":{"line":29,"column":38},"end":{"line":31,"column":17}},"line":29},"6":{"name":"(anonymous_6)","decl":{"start":{"line":51,"column":54},"end":{"line":51,"column":55}},"loc":{"start":{"line":51,"column":65},"end":{"line":54,"column":9}},"line":51},"7":{"name":"(anonymous_7)","decl":{"start":{"line":57,"column":49},"end":{"line":57,"column":50}},"loc":{"start":{"line":57,"column":60},"end":{"line":60,"column":9}},"line":57},"8":{"name":"(anonymous_8)","decl":{"start":{"line":73,"column":25},"end":{"line":73,"column":26}},"loc":{"start":{"line":73,"column":44},"end":{"line":99,"column":1}},"line":73},"9":{"name":"(anonymous_9)","decl":{"start":{"line":74,"column":24},"end":{"line":74,"column":25}},"loc":{"start":{"line":74,"column":47},"end":{"line":98,"column":5}},"line":74},"10":{"name":"(anonymous_10)","decl":{"start":{"line":82,"column":40},"end":{"line":82,"column":41}},"loc":{"start":{"line":82,"column":57},"end":{"line":95,"column":13}},"line":82},"11":{"name":"(anonymous_11)","decl":{"start":{"line":105,"column":19},"end":{"line":105,"column":20}},"loc":{"start":{"line":105,"column":47},"end":{"line":129,"column":1}},"line":105},"12":{"name":"(anonymous_12)","decl":{"start":{"line":106,"column":26},"end":{"line":106,"column":27}},"loc":{"start":{"line":106,"column":49},"end":{"line":128,"column":5}},"line":106},"13":{"name":"(anonymous_13)","decl":{"start":{"line":117,"column":32},"end":{"line":117,"column":33}},"loc":{"start":{"line":117,"column":48},"end":{"line":127,"column":9}},"line":117},"14":{"name":"(anonymous_14)","decl":{"start":{"line":122,"column":39},"end":{"line":122,"column":40}},"loc":{"start":{"line":122,"column":50},"end":{"line":125,"column":17}},"line":122},"15":{"name":"(anonymous_15)","decl":{"start":{"line":135,"column":29},"end":{"line":135,"column":30}},"loc":{"start":{"line":135,"column":46},"end":{"line":164,"column":1}},"line":135},"16":{"name":"(anonymous_16)","decl":{"start":{"line":136,"column":26},"end":{"line":136,"column":27}},"loc":{"start":{"line":136,"column":49},"end":{"line":163,"column":5}},"line":136},"17":{"name":"(anonymous_17)","decl":{"start":{"line":158,"column":27},"end":{"line":158,"column":28}},"loc":{"start":{"line":158,"column":44},"end":{"line":162,"column":9}},"line":158},"18":{"name":"(anonymous_18)","decl":{"start":{"line":170,"column":29},"end":{"line":170,"column":30}},"loc":{"start":{"line":170,"column":46},"end":{"line":191,"column":1}},"line":170},"19":{"name":"(anonymous_19)","decl":{"start":{"line":171,"column":26},"end":{"line":171,"column":27}},"loc":{"start":{"line":171,"column":49},"end":{"line":190,"column":5}},"line":171},"20":{"name":"(anonymous_20)","decl":{"start":{"line":185,"column":27},"end":{"line":185,"column":28}},"loc":{"start":{"line":185,"column":44},"end":{"line":189,"column":9}},"line":185},"21":{"name":"(anonymous_21)","decl":{"start":{"line":197,"column":32},"end":{"line":197,"column":33}},"loc":{"start":{"line":197,"column":49},"end":{"line":206,"column":1}},"line":197},"22":{"name":"(anonymous_22)","decl":{"start":{"line":198,"column":26},"end":{"line":198,"column":27}},"loc":{"start":{"line":198,"column":49},"end":{"line":205,"column":5}},"line":198},"23":{"name":"(anonymous_23)","decl":{"start":{"line":200,"column":27},"end":{"line":200,"column":28}},"loc":{"start":{"line":200,"column":44},"end":{"line":204,"column":9}},"line":200},"24":{"name":"(anonymous_24)","decl":{"start":{"line":212,"column":34},"end":{"line":212,"column":35}},"loc":{"start":{"line":212,"column":51},"end":{"line":223,"column":1}},"line":212},"25":{"name":"(anonymous_25)","decl":{"start":{"line":213,"column":26},"end":{"line":213,"column":27}},"loc":{"start":{"line":213,"column":49},"end":{"line":222,"column":5}},"line":213},"26":{"name":"(anonymous_26)","decl":{"start":{"line":217,"column":27},"end":{"line":217,"column":28}},"loc":{"start":{"line":217,"column":44},"end":{"line":221,"column":9}},"line":217},"27":{"name":"(anonymous_27)","decl":{"start":{"line":230,"column":25},"end":{"line":230,"column":26}},"loc":{"start":{"line":230,"column":42},"end":{"line":239,"column":1}},"line":230},"28":{"name":"(anonymous_28)","decl":{"start":{"line":231,"column":26},"end":{"line":231,"column":27}},"loc":{"start":{"line":231,"column":49},"end":{"line":238,"column":5}},"line":231},"29":{"name":"(anonymous_29)","decl":{"start":{"line":233,"column":27},"end":{"line":233,"column":28}},"loc":{"start":{"line":233,"column":44},"end":{"line":237,"column":9}},"line":233},"30":{"name":"(anonymous_30)","decl":{"start":{"line":245,"column":24},"end":{"line":245,"column":25}},"loc":{"start":{"line":245,"column":41},"end":{"line":254,"column":1}},"line":245},"31":{"name":"(anonymous_31)","decl":{"start":{"line":246,"column":26},"end":{"line":246,"column":27}},"loc":{"start":{"line":246,"column":49},"end":{"line":253,"column":5}},"line":246},"32":{"name":"(anonymous_32)","decl":{"start":{"line":248,"column":27},"end":{"line":248,"column":28}},"loc":{"start":{"line":248,"column":44},"end":{"line":252,"column":9}},"line":248},"33":{"name":"(anonymous_33)","decl":{"start":{"line":261,"column":29},"end":{"line":261,"column":30}},"loc":{"start":{"line":261,"column":46},"end":{"line":292,"column":1}},"line":261},"34":{"name":"(anonymous_34)","decl":{"start":{"line":262,"column":26},"end":{"line":262,"column":27}},"loc":{"start":{"line":262,"column":49},"end":{"line":291,"column":5}},"line":262},"35":{"name":"(anonymous_35)","decl":{"start":{"line":286,"column":27},"end":{"line":286,"column":28}},"loc":{"start":{"line":286,"column":44},"end":{"line":290,"column":9}},"line":286},"36":{"name":"(anonymous_36)","decl":{"start":{"line":298,"column":24},"end":{"line":298,"column":25}},"loc":{"start":{"line":298,"column":41},"end":{"line":307,"column":1}},"line":298},"37":{"name":"(anonymous_37)","decl":{"start":{"line":299,"column":26},"end":{"line":299,"column":27}},"loc":{"start":{"line":299,"column":49},"end":{"line":306,"column":5}},"line":299},"38":{"name":"(anonymous_38)","decl":{"start":{"line":301,"column":27},"end":{"line":301,"column":28}},"loc":{"start":{"line":301,"column":44},"end":{"line":305,"column":9}},"line":301},"39":{"name":"(anonymous_39)","decl":{"start":{"line":313,"column":34},"end":{"line":313,"column":35}},"loc":{"start":{"line":313,"column":54},"end":{"line":352,"column":1}},"line":313},"40":{"name":"(anonymous_40)","decl":{"start":{"line":314,"column":26},"end":{"line":314,"column":27}},"loc":{"start":{"line":314,"column":49},"end":{"line":351,"column":5}},"line":314},"41":{"name":"(anonymous_41)","decl":{"start":{"line":346,"column":27},"end":{"line":346,"column":28}},"loc":{"start":{"line":346,"column":44},"end":{"line":350,"column":9}},"line":346},"42":{"name":"(anonymous_42)","decl":{"start":{"line":358,"column":29},"end":{"line":358,"column":30}},"loc":{"start":{"line":358,"column":46},"end":{"line":367,"column":1}},"line":358},"43":{"name":"(anonymous_43)","decl":{"start":{"line":359,"column":26},"end":{"line":359,"column":27}},"loc":{"start":{"line":359,"column":49},"end":{"line":366,"column":5}},"line":359},"44":{"name":"(anonymous_44)","decl":{"start":{"line":361,"column":27},"end":{"line":361,"column":28}},"loc":{"start":{"line":361,"column":44},"end":{"line":365,"column":9}},"line":361},"45":{"name":"(anonymous_45)","decl":{"start":{"line":374,"column":33},"end":{"line":374,"column":34}},"loc":{"start":{"line":374,"column":50},"end":{"line":397,"column":1}},"line":374},"46":{"name":"(anonymous_46)","decl":{"start":{"line":375,"column":26},"end":{"line":375,"column":27}},"loc":{"start":{"line":375,"column":49},"end":{"line":396,"column":5}},"line":375},"47":{"name":"(anonymous_47)","decl":{"start":{"line":391,"column":27},"end":{"line":391,"column":28}},"loc":{"start":{"line":391,"column":44},"end":{"line":395,"column":9}},"line":391},"48":{"name":"(anonymous_48)","decl":{"start":{"line":404,"column":34},"end":{"line":404,"column":35}},"loc":{"start":{"line":404,"column":51},"end":{"line":422,"column":1}},"line":404},"49":{"name":"(anonymous_49)","decl":{"start":{"line":405,"column":26},"end":{"line":405,"column":27}},"loc":{"start":{"line":405,"column":49},"end":{"line":421,"column":5}},"line":405},"50":{"name":"(anonymous_50)","decl":{"start":{"line":416,"column":27},"end":{"line":416,"column":28}},"loc":{"start":{"line":416,"column":44},"end":{"line":420,"column":9}},"line":416},"51":{"name":"(anonymous_51)","decl":{"start":{"line":428,"column":26},"end":{"line":428,"column":27}},"loc":{"start":{"line":428,"column":32},"end":{"line":440,"column":1}},"line":428},"52":{"name":"(anonymous_52)","decl":{"start":{"line":429,"column":26},"end":{"line":429,"column":27}},"loc":{"start":{"line":429,"column":49},"end":{"line":439,"column":5}},"line":429},"53":{"name":"(anonymous_53)","decl":{"start":{"line":434,"column":27},"end":{"line":434,"column":28}},"loc":{"start":{"line":434,"column":44},"end":{"line":438,"column":9}},"line":434},"54":{"name":"(anonymous_54)","decl":{"start":{"line":446,"column":32},"end":{"line":446,"column":33}},"loc":{"start":{"line":446,"column":49},"end":{"line":478,"column":1}},"line":446},"55":{"name":"(anonymous_55)","decl":{"start":{"line":447,"column":26},"end":{"line":447,"column":27}},"loc":{"start":{"line":447,"column":49},"end":{"line":477,"column":5}},"line":447},"56":{"name":"(anonymous_56)","decl":{"start":{"line":472,"column":27},"end":{"line":472,"column":28}},"loc":{"start":{"line":472,"column":44},"end":{"line":476,"column":9}},"line":472},"57":{"name":"(anonymous_57)","decl":{"start":{"line":484,"column":32},"end":{"line":484,"column":33}},"loc":{"start":{"line":484,"column":49},"end":{"line":508,"column":1}},"line":484},"58":{"name":"(anonymous_58)","decl":{"start":{"line":485,"column":26},"end":{"line":485,"column":27}},"loc":{"start":{"line":485,"column":49},"end":{"line":507,"column":5}},"line":485},"59":{"name":"(anonymous_59)","decl":{"start":{"line":502,"column":27},"end":{"line":502,"column":28}},"loc":{"start":{"line":502,"column":44},"end":{"line":506,"column":9}},"line":502},"60":{"name":"(anonymous_60)","decl":{"start":{"line":514,"column":30},"end":{"line":514,"column":31}},"loc":{"start":{"line":514,"column":57},"end":{"line":523,"column":1}},"line":514},"61":{"name":"(anonymous_61)","decl":{"start":{"line":515,"column":26},"end":{"line":515,"column":27}},"loc":{"start":{"line":515,"column":49},"end":{"line":522,"column":5}},"line":515},"62":{"name":"(anonymous_62)","decl":{"start":{"line":517,"column":27},"end":{"line":517,"column":28}},"loc":{"start":{"line":517,"column":44},"end":{"line":521,"column":9}},"line":517},"63":{"name":"(anonymous_63)","decl":{"start":{"line":529,"column":36},"end":{"line":529,"column":37}},"loc":{"start":{"line":529,"column":42},"end":{"line":538,"column":1}},"line":529},"64":{"name":"(anonymous_64)","decl":{"start":{"line":530,"column":26},"end":{"line":530,"column":27}},"loc":{"start":{"line":530,"column":49},"end":{"line":537,"column":5}},"line":530},"65":{"name":"(anonymous_65)","decl":{"start":{"line":532,"column":27},"end":{"line":532,"column":28}},"loc":{"start":{"line":532,"column":44},"end":{"line":536,"column":9}},"line":532},"66":{"name":"(anonymous_66)","decl":{"start":{"line":544,"column":26},"end":{"line":544,"column":27}},"loc":{"start":{"line":544,"column":52},"end":{"line":553,"column":1}},"line":544},"67":{"name":"(anonymous_67)","decl":{"start":{"line":545,"column":26},"end":{"line":545,"column":27}},"loc":{"start":{"line":545,"column":49},"end":{"line":552,"column":5}},"line":545},"68":{"name":"(anonymous_68)","decl":{"start":{"line":547,"column":27},"end":{"line":547,"column":28}},"loc":{"start":{"line":547,"column":44},"end":{"line":551,"column":9}},"line":547}},"branchMap":{"0":{"loc":{"start":{"line":19,"column":12},"end":{"line":24,"column":13}},"type":"if","locations":[{"start":{"line":19,"column":12},"end":{"line":24,"column":13}},{"start":{"line":19,"column":12},"end":{"line":24,"column":13}}],"line":19},"1":{"loc":{"start":{"line":22,"column":20},"end":{"line":22,"column":41}},"type":"if","locations":[{"start":{"line":22,"column":20},"end":{"line":22,"column":41}},{"start":{"line":22,"column":20},"end":{"line":22,"column":41}}],"line":22},"2":{"loc":{"start":{"line":27,"column":12},"end":{"line":32,"column":13}},"type":"if","locations":[{"start":{"line":27,"column":12},"end":{"line":32,"column":13}},{"start":{"line":27,"column":12},"end":{"line":32,"column":13}}],"line":27},"3":{"loc":{"start":{"line":30,"column":20},"end":{"line":30,"column":41}},"type":"if","locations":[{"start":{"line":30,"column":20},"end":{"line":30,"column":41}},{"start":{"line":30,"column":20},"end":{"line":30,"column":41}}],"line":30},"4":{"loc":{"start":{"line":41,"column":0},"end":{"line":62,"column":1}},"type":"if","locations":[{"start":{"line":41,"column":0},"end":{"line":62,"column":1}},{"start":{"line":41,"column":0},"end":{"line":62,"column":1}}],"line":41},"5":{"loc":{"start":{"line":42,"column":4},"end":{"line":61,"column":5}},"type":"if","locations":[{"start":{"line":42,"column":4},"end":{"line":61,"column":5}},{"start":{"line":42,"column":4},"end":{"line":61,"column":5}}],"line":42},"6":{"loc":{"start":{"line":42,"column":9},"end":{"line":42,"column":53}},"type":"binary-expr","locations":[{"start":{"line":42,"column":9},"end":{"line":42,"column":25}},{"start":{"line":42,"column":29},"end":{"line":42,"column":53}}],"line":42},"7":{"loc":{"start":{"line":46,"column":8},"end":{"line":49,"column":9}},"type":"if","locations":[{"start":{"line":46,"column":8},"end":{"line":49,"column":9}},{"start":{"line":46,"column":8},"end":{"line":49,"column":9}}],"line":46},"8":{"loc":{"start":{"line":52,"column":12},"end":{"line":53,"column":83}},"type":"if","locations":[{"start":{"line":52,"column":12},"end":{"line":53,"column":83}},{"start":{"line":52,"column":12},"end":{"line":53,"column":83}}],"line":52},"9":{"loc":{"start":{"line":58,"column":12},"end":{"line":59,"column":78}},"type":"if","locations":[{"start":{"line":58,"column":12},"end":{"line":59,"column":78}},{"start":{"line":58,"column":12},"end":{"line":59,"column":78}}],"line":58},"10":{"loc":{"start":{"line":83,"column":16},"end":{"line":94,"column":17}},"type":"if","locations":[{"start":{"line":83,"column":16},"end":{"line":94,"column":17}},{"start":{"line":83,"column":16},"end":{"line":94,"column":17}}],"line":83},"11":{"loc":{"start":{"line":85,"column":23},"end":{"line":94,"column":17}},"type":"if","locations":[{"start":{"line":85,"column":23},"end":{"line":94,"column":17}},{"start":{"line":85,"column":23},"end":{"line":94,"column":17}}],"line":85},"12":{"loc":{"start":{"line":88,"column":20},"end":{"line":88,"column":72}},"type":"if","locations":[{"start":{"line":88,"column":20},"end":{"line":88,"column":72}},{"start":{"line":88,"column":20},"end":{"line":88,"column":72}}],"line":88},"13":{"loc":{"start":{"line":118,"column":12},"end":{"line":118,"column":37}},"type":"if","locations":[{"start":{"line":118,"column":12},"end":{"line":118,"column":37}},{"start":{"line":118,"column":12},"end":{"line":118,"column":37}}],"line":118},"14":{"loc":{"start":{"line":119,"column":12},"end":{"line":126,"column":32}},"type":"if","locations":[{"start":{"line":119,"column":12},"end":{"line":126,"column":32}},{"start":{"line":119,"column":12},"end":{"line":126,"column":32}}],"line":119},"15":{"loc":{"start":{"line":119,"column":17},"end":{"line":119,"column":42}},"type":"binary-expr","locations":[{"start":{"line":119,"column":17},"end":{"line":119,"column":20}},{"start":{"line":119,"column":24},"end":{"line":119,"column":42}}],"line":119},"16":{"loc":{"start":{"line":124,"column":20},"end":{"line":124,"column":54}},"type":"cond-expr","locations":[{"start":{"line":124,"column":26},"end":{"line":124,"column":39}},{"start":{"line":124,"column":42},"end":{"line":124,"column":54}}],"line":124},"17":{"loc":{"start":{"line":159,"column":12},"end":{"line":159,"column":37}},"type":"if","locations":[{"start":{"line":159,"column":12},"end":{"line":159,"column":37}},{"start":{"line":159,"column":12},"end":{"line":159,"column":37}}],"line":159},"18":{"loc":{"start":{"line":160,"column":12},"end":{"line":161,"column":30}},"type":"if","locations":[{"start":{"line":160,"column":12},"end":{"line":161,"column":30}},{"start":{"line":160,"column":12},"end":{"line":161,"column":30}}],"line":160},"19":{"loc":{"start":{"line":186,"column":12},"end":{"line":186,"column":37}},"type":"if","locations":[{"start":{"line":186,"column":12},"end":{"line":186,"column":37}},{"start":{"line":186,"column":12},"end":{"line":186,"column":37}}],"line":186},"20":{"loc":{"start":{"line":187,"column":12},"end":{"line":188,"column":30}},"type":"if","locations":[{"start":{"line":187,"column":12},"end":{"line":188,"column":30}},{"start":{"line":187,"column":12},"end":{"line":188,"column":30}}],"line":187},"21":{"loc":{"start":{"line":201,"column":12},"end":{"line":201,"column":37}},"type":"if","locations":[{"start":{"line":201,"column":12},"end":{"line":201,"column":37}},{"start":{"line":201,"column":12},"end":{"line":201,"column":37}}],"line":201},"22":{"loc":{"start":{"line":202,"column":12},"end":{"line":203,"column":30}},"type":"if","locations":[{"start":{"line":202,"column":12},"end":{"line":203,"column":30}},{"start":{"line":202,"column":12},"end":{"line":203,"column":30}}],"line":202},"23":{"loc":{"start":{"line":218,"column":12},"end":{"line":218,"column":37}},"type":"if","locations":[{"start":{"line":218,"column":12},"end":{"line":218,"column":37}},{"start":{"line":218,"column":12},"end":{"line":218,"column":37}}],"line":218},"24":{"loc":{"start":{"line":219,"column":12},"end":{"line":220,"column":28}},"type":"if","locations":[{"start":{"line":219,"column":12},"end":{"line":220,"column":28}},{"start":{"line":219,"column":12},"end":{"line":220,"column":28}}],"line":219},"25":{"loc":{"start":{"line":234,"column":12},"end":{"line":234,"column":37}},"type":"if","locations":[{"start":{"line":234,"column":12},"end":{"line":234,"column":37}},{"start":{"line":234,"column":12},"end":{"line":234,"column":37}}],"line":234},"26":{"loc":{"start":{"line":235,"column":12},"end":{"line":236,"column":30}},"type":"if","locations":[{"start":{"line":235,"column":12},"end":{"line":236,"column":30}},{"start":{"line":235,"column":12},"end":{"line":236,"column":30}}],"line":235},"27":{"loc":{"start":{"line":249,"column":12},"end":{"line":249,"column":37}},"type":"if","locations":[{"start":{"line":249,"column":12},"end":{"line":249,"column":37}},{"start":{"line":249,"column":12},"end":{"line":249,"column":37}}],"line":249},"28":{"loc":{"start":{"line":250,"column":12},"end":{"line":251,"column":30}},"type":"if","locations":[{"start":{"line":250,"column":12},"end":{"line":251,"column":30}},{"start":{"line":250,"column":12},"end":{"line":251,"column":30}}],"line":250},"29":{"loc":{"start":{"line":287,"column":12},"end":{"line":287,"column":37}},"type":"if","locations":[{"start":{"line":287,"column":12},"end":{"line":287,"column":37}},{"start":{"line":287,"column":12},"end":{"line":287,"column":37}}],"line":287},"30":{"loc":{"start":{"line":288,"column":12},"end":{"line":289,"column":30}},"type":"if","locations":[{"start":{"line":288,"column":12},"end":{"line":289,"column":30}},{"start":{"line":288,"column":12},"end":{"line":289,"column":30}}],"line":288},"31":{"loc":{"start":{"line":302,"column":12},"end":{"line":302,"column":37}},"type":"if","locations":[{"start":{"line":302,"column":12},"end":{"line":302,"column":37}},{"start":{"line":302,"column":12},"end":{"line":302,"column":37}}],"line":302},"32":{"loc":{"start":{"line":303,"column":12},"end":{"line":304,"column":30}},"type":"if","locations":[{"start":{"line":303,"column":12},"end":{"line":304,"column":30}},{"start":{"line":303,"column":12},"end":{"line":304,"column":30}}],"line":303},"33":{"loc":{"start":{"line":313,"column":36},"end":{"line":313,"column":48}},"type":"default-arg","locations":[{"start":{"line":313,"column":43},"end":{"line":313,"column":48}}],"line":313},"34":{"loc":{"start":{"line":332,"column":44},"end":{"line":337,"column":85}},"type":"cond-expr","locations":[{"start":{"line":332,"column":51},"end":{"line":332,"column":64}},{"start":{"line":332,"column":67},"end":{"line":337,"column":85}}],"line":332},"35":{"loc":{"start":{"line":338,"column":44},"end":{"line":343,"column":85}},"type":"cond-expr","locations":[{"start":{"line":338,"column":51},"end":{"line":338,"column":64}},{"start":{"line":338,"column":67},"end":{"line":343,"column":85}}],"line":338},"36":{"loc":{"start":{"line":347,"column":12},"end":{"line":349,"column":28}},"type":"if","locations":[{"start":{"line":347,"column":12},"end":{"line":349,"column":28}},{"start":{"line":347,"column":12},"end":{"line":349,"column":28}}],"line":347},"37":{"loc":{"start":{"line":348,"column":17},"end":{"line":349,"column":28}},"type":"if","locations":[{"start":{"line":348,"column":17},"end":{"line":349,"column":28}},{"start":{"line":348,"column":17},"end":{"line":349,"column":28}}],"line":348},"38":{"loc":{"start":{"line":362,"column":12},"end":{"line":362,"column":37}},"type":"if","locations":[{"start":{"line":362,"column":12},"end":{"line":362,"column":37}},{"start":{"line":362,"column":12},"end":{"line":362,"column":37}}],"line":362},"39":{"loc":{"start":{"line":363,"column":12},"end":{"line":364,"column":30}},"type":"if","locations":[{"start":{"line":363,"column":12},"end":{"line":364,"column":30}},{"start":{"line":363,"column":12},"end":{"line":364,"column":30}}],"line":363},"40":{"loc":{"start":{"line":392,"column":12},"end":{"line":392,"column":37}},"type":"if","locations":[{"start":{"line":392,"column":12},"end":{"line":392,"column":37}},{"start":{"line":392,"column":12},"end":{"line":392,"column":37}}],"line":392},"41":{"loc":{"start":{"line":393,"column":12},"end":{"line":394,"column":30}},"type":"if","locations":[{"start":{"line":393,"column":12},"end":{"line":394,"column":30}},{"start":{"line":393,"column":12},"end":{"line":394,"column":30}}],"line":393},"42":{"loc":{"start":{"line":417,"column":12},"end":{"line":417,"column":37}},"type":"if","locations":[{"start":{"line":417,"column":12},"end":{"line":417,"column":37}},{"start":{"line":417,"column":12},"end":{"line":417,"column":37}}],"line":417},"43":{"loc":{"start":{"line":418,"column":12},"end":{"line":419,"column":30}},"type":"if","locations":[{"start":{"line":418,"column":12},"end":{"line":419,"column":30}},{"start":{"line":418,"column":12},"end":{"line":419,"column":30}}],"line":418},"44":{"loc":{"start":{"line":435,"column":12},"end":{"line":435,"column":37}},"type":"if","locations":[{"start":{"line":435,"column":12},"end":{"line":435,"column":37}},{"start":{"line":435,"column":12},"end":{"line":435,"column":37}}],"line":435},"45":{"loc":{"start":{"line":436,"column":12},"end":{"line":437,"column":30}},"type":"if","locations":[{"start":{"line":436,"column":12},"end":{"line":437,"column":30}},{"start":{"line":436,"column":12},"end":{"line":437,"column":30}}],"line":436},"46":{"loc":{"start":{"line":473,"column":12},"end":{"line":473,"column":37}},"type":"if","locations":[{"start":{"line":473,"column":12},"end":{"line":473,"column":37}},{"start":{"line":473,"column":12},"end":{"line":473,"column":37}}],"line":473},"47":{"loc":{"start":{"line":474,"column":12},"end":{"line":475,"column":30}},"type":"if","locations":[{"start":{"line":474,"column":12},"end":{"line":475,"column":30}},{"start":{"line":474,"column":12},"end":{"line":475,"column":30}}],"line":474},"48":{"loc":{"start":{"line":503,"column":12},"end":{"line":503,"column":37}},"type":"if","locations":[{"start":{"line":503,"column":12},"end":{"line":503,"column":37}},{"start":{"line":503,"column":12},"end":{"line":503,"column":37}}],"line":503},"49":{"loc":{"start":{"line":504,"column":12},"end":{"line":505,"column":30}},"type":"if","locations":[{"start":{"line":504,"column":12},"end":{"line":505,"column":30}},{"start":{"line":504,"column":12},"end":{"line":505,"column":30}}],"line":504},"50":{"loc":{"start":{"line":518,"column":12},"end":{"line":518,"column":37}},"type":"if","locations":[{"start":{"line":518,"column":12},"end":{"line":518,"column":37}},{"start":{"line":518,"column":12},"end":{"line":518,"column":37}}],"line":518},"51":{"loc":{"start":{"line":519,"column":12},"end":{"line":520,"column":30}},"type":"if","locations":[{"start":{"line":519,"column":12},"end":{"line":520,"column":30}},{"start":{"line":519,"column":12},"end":{"line":520,"column":30}}],"line":519},"52":{"loc":{"start":{"line":533,"column":12},"end":{"line":533,"column":37}},"type":"if","locations":[{"start":{"line":533,"column":12},"end":{"line":533,"column":37}},{"start":{"line":533,"column":12},"end":{"line":533,"column":37}}],"line":533},"53":{"loc":{"start":{"line":534,"column":12},"end":{"line":535,"column":30}},"type":"if","locations":[{"start":{"line":534,"column":12},"end":{"line":535,"column":30}},{"start":{"line":534,"column":12},"end":{"line":535,"column":30}}],"line":534},"54":{"loc":{"start":{"line":548,"column":12},"end":{"line":548,"column":37}},"type":"if","locations":[{"start":{"line":548,"column":12},"end":{"line":548,"column":37}},{"start":{"line":548,"column":12},"end":{"line":548,"column":37}}],"line":548},"55":{"loc":{"start":{"line":549,"column":12},"end":{"line":550,"column":30}},"type":"if","locations":[{"start":{"line":549,"column":12},"end":{"line":550,"column":30}},{"start":{"line":549,"column":12},"end":{"line":550,"column":30}}],"line":549}},"s":{"0":2,"1":2,"2":2,"3":2,"4":2,"5":2,"6":2,"7":2,"8":2,"9":2,"10":2,"11":2,"12":18,"13":18,"14":18,"15":18,"16":18,"17":2,"18":64,"19":64,"20":64,"21":35,"22":24,"23":2,"24":2,"25":2,"26":2,"27":2,"28":2,"29":2,"30":2,"31":0,"32":2,"33":2,"34":0,"35":0,"36":0,"37":0,"38":2,"39":4,"40":4,"41":4,"42":4,"43":4,"44":12,"45":3,"46":0,"47":3,"48":2,"49":2,"50":0,"51":1,"52":1,"53":1,"54":2,"55":2,"56":2,"57":2,"58":2,"59":1,"60":0,"61":1,"62":0,"63":0,"64":1,"65":2,"66":2,"67":2,"68":2,"69":1,"70":0,"71":1,"72":1,"73":0,"74":2,"75":1,"76":1,"77":1,"78":0,"79":0,"80":0,"81":0,"82":0,"83":2,"84":0,"85":0,"86":0,"87":0,"88":0,"89":0,"90":0,"91":0,"92":2,"93":1,"94":1,"95":1,"96":0,"97":0,"98":0,"99":0,"100":0,"101":2,"102":0,"103":0,"104":0,"105":0,"106":0,"107":0,"108":0,"109":0,"110":2,"111":1,"112":1,"113":1,"114":0,"115":0,"116":0,"117":0,"118":0,"119":2,"120":2,"121":2,"122":2,"123":1,"124":0,"125":1,"126":1,"127":0,"128":2,"129":1,"130":1,"131":1,"132":0,"133":0,"134":0,"135":0,"136":0,"137":2,"138":1,"139":1,"140":1,"141":0,"142":0,"143":0,"144":0,"145":0,"146":2,"147":1,"148":1,"149":1,"150":0,"151":0,"152":0,"153":0,"154":0,"155":2,"156":0,"157":0,"158":0,"159":0,"160":0,"161":0,"162":0,"163":0,"164":2,"165":0,"166":0,"167":0,"168":0,"169":0,"170":0,"171":0,"172":0,"173":2,"174":0,"175":0,"176":0,"177":0,"178":0,"179":0,"180":0,"181":0,"182":2,"183":0,"184":0,"185":0,"186":0,"187":0,"188":0,"189":0,"190":0,"191":0,"192":0,"193":2,"194":0,"195":0,"196":0,"197":0,"198":0,"199":0,"200":0,"201":0,"202":0,"203":0,"204":2,"205":0,"206":0,"207":0,"208":0,"209":0,"210":0,"211":0,"212":0,"213":2,"214":0,"215":0,"216":0,"217":0,"218":0,"219":0,"220":0,"221":0,"222":2,"223":0,"224":0,"225":0,"226":0,"227":0,"228":0,"229":0,"230":0},"f":{"0":2,"1":2,"2":18,"3":18,"4":64,"5":35,"6":2,"7":0,"8":4,"9":4,"10":3,"11":2,"12":2,"13":1,"14":0,"15":2,"16":2,"17":1,"18":1,"19":1,"20":0,"21":0,"22":0,"23":0,"24":1,"25":1,"26":0,"27":0,"28":0,"29":0,"30":1,"31":1,"32":0,"33":2,"34":2,"35":1,"36":1,"37":1,"38":0,"39":1,"40":1,"41":0,"42":1,"43":1,"44":0,"45":0,"46":0,"47":0,"48":0,"49":0,"50":0,"51":0,"52":0,"53":0,"54":0,"55":0,"56":0,"57":0,"58":0,"59":0,"60":0,"61":0,"62":0,"63":0,"64":0,"65":0,"66":0,"67":0,"68":0},"b":{"0":[18,0],"1":[18,0],"2":[64,0],"3":[24,11],"4":[2,0],"5":[2,0],"6":[2,2],"7":[2,0],"8":[0,2],"9":[0,0],"10":[0,3],"11":[2,1],"12":[0,2],"13":[0,1],"14":[0,1],"15":[1,1],"16":[0,0],"17":[0,1],"18":[1,0],"19":[0,0],"20":[0,0],"21":[0,0],"22":[0,0],"23":[0,0],"24":[0,0],"25":[0,0],"26":[0,0],"27":[0,0],"28":[0,0],"29":[0,1],"30":[1,0],"31":[0,0],"32":[0,0],"33":[0],"34":[1,0],"35":[1,0],"36":[0,0],"37":[0,0],"38":[0,0],"39":[0,0],"40":[0,0],"41":[0,0],"42":[0,0],"43":[0,0],"44":[0,0],"45":[0,0],"46":[0,0],"47":[0,0],"48":[0,0],"49":[0,0],"50":[0,0],"51":[0,0],"52":[0,0],"53":[0,0],"54":[0,0],"55":[0,0]},"_coverageSchema":"1a1c01bbd47fc00a2c39e90264f33305004495a9","hash":"3b0ce063a16d1ac03b72e6873f479123b22e092c"}
,"C:\\Users\\拾夕\\SE2\\Pub_V2\\PULSeBS_Repo\\pulsebs-server\\server.js": {"path":"C:\\Users\\拾夕\\SE2\\Pub_V2\\PULSeBS_Repo\\pulsebs-server\\server.js","statementMap":{"0":{"start":{"line":1,"column":16},"end":{"line":1,"column":36}},"1":{"start":{"line":3,"column":19},"end":{"line":3,"column":44}},"2":{"start":{"line":4,"column":15},"end":{"line":4,"column":34}},"3":{"start":{"line":5,"column":12},"end":{"line":5,"column":36}},"4":{"start":{"line":6,"column":21},"end":{"line":6,"column":46}},"5":{"start":{"line":7,"column":21},"end":{"line":7,"column":47}},"6":{"start":{"line":9,"column":18},"end":{"line":9,"column":84}},"7":{"start":{"line":10,"column":19},"end":{"line":10,"column":22}},"8":{"start":{"line":11,"column":15},"end":{"line":11,"column":34}},"9":{"start":{"line":13,"column":17},"end":{"line":13,"column":41}},"10":{"start":{"line":14,"column":19},"end":{"line":14,"column":40}},"11":{"start":{"line":15,"column":21},"end":{"line":15,"column":39}},"12":{"start":{"line":19,"column":21},"end":{"line":19,"column":84}},"13":{"start":{"line":21,"column":0},"end":{"line":27,"column":1}},"14":{"start":{"line":26,"column":4},"end":{"line":26,"column":53}},"15":{"start":{"line":30,"column":12},"end":{"line":30,"column":21}},"16":{"start":{"line":31,"column":13},"end":{"line":31,"column":17}},"17":{"start":{"line":34,"column":0},"end":{"line":34,"column":28}},"18":{"start":{"line":37,"column":0},"end":{"line":37,"column":26}},"19":{"start":{"line":40,"column":18},"end":{"line":51,"column":49}},"20":{"start":{"line":54,"column":10},"end":{"line":84,"column":3}},"21":{"start":{"line":55,"column":4},"end":{"line":55,"column":84}},"22":{"start":{"line":58,"column":4},"end":{"line":83,"column":5}},"23":{"start":{"line":60,"column":18},"end":{"line":78,"column":72}},"24":{"start":{"line":61,"column":22},"end":{"line":77,"column":26}},"25":{"start":{"line":62,"column":44},"end":{"line":68,"column":27}},"26":{"start":{"line":70,"column":26},"end":{"line":76,"column":30}},"27":{"start":{"line":71,"column":30},"end":{"line":75,"column":31}},"28":{"start":{"line":72,"column":34},"end":{"line":72,"column":55}},"29":{"start":{"line":74,"column":34},"end":{"line":74,"column":103}},"30":{"start":{"line":78,"column":25},"end":{"line":78,"column":72}},"31":{"start":{"line":81,"column":12},"end":{"line":81,"column":31}},"32":{"start":{"line":88,"column":0},"end":{"line":124,"column":4}},"33":{"start":{"line":89,"column":18},"end":{"line":89,"column":32}},"34":{"start":{"line":90,"column":21},"end":{"line":90,"column":38}},"35":{"start":{"line":91,"column":4},"end":{"line":123,"column":6}},"36":{"start":{"line":93,"column":18},"end":{"line":114,"column":19}},"37":{"start":{"line":94,"column":22},"end":{"line":96,"column":50}},"38":{"start":{"line":98,"column":22},"end":{"line":113,"column":23}},"39":{"start":{"line":99,"column":26},"end":{"line":101,"column":54}},"40":{"start":{"line":104,"column":40},"end":{"line":104,"column":112}},"41":{"start":{"line":105,"column":26},"end":{"line":105,"column":116}},"42":{"start":{"line":106,"column":26},"end":{"line":112,"column":40}},"43":{"start":{"line":118,"column":12},"end":{"line":118,"column":31}},"44":{"start":{"line":119,"column":12},"end":{"line":121,"column":68}},"45":{"start":{"line":120,"column":16},"end":{"line":120,"column":43}},"46":{"start":{"line":121,"column":28},"end":{"line":121,"column":66}},"47":{"start":{"line":126,"column":0},"end":{"line":126,"column":26}},"48":{"start":{"line":132,"column":0},"end":{"line":134,"column":4}},"49":{"start":{"line":133,"column":4},"end":{"line":133,"column":37}},"50":{"start":{"line":137,"column":0},"end":{"line":142,"column":2}},"51":{"start":{"line":140,"column":30},"end":{"line":140,"column":47}},"52":{"start":{"line":145,"column":0},"end":{"line":149,"column":4}},"53":{"start":{"line":146,"column":4},"end":{"line":148,"column":5}},"54":{"start":{"line":147,"column":8},"end":{"line":147,"column":47}},"55":{"start":{"line":155,"column":16},"end":{"line":158,"column":1}},"56":{"start":{"line":160,"column":18},"end":{"line":163,"column":1}},"57":{"start":{"line":165,"column":19},"end":{"line":168,"column":1}},"58":{"start":{"line":172,"column":0},"end":{"line":183,"column":4}},"59":{"start":{"line":173,"column":17},"end":{"line":173,"column":42}},"60":{"start":{"line":174,"column":4},"end":{"line":182,"column":18}},"61":{"start":{"line":176,"column":18},"end":{"line":176,"column":39}},"62":{"start":{"line":179,"column":18},"end":{"line":181,"column":46}},"63":{"start":{"line":185,"column":0},"end":{"line":195,"column":4}},"64":{"start":{"line":186,"column":17},"end":{"line":186,"column":42}},"65":{"start":{"line":187,"column":4},"end":{"line":194,"column":8}},"66":{"start":{"line":189,"column":18},"end":{"line":189,"column":39}},"67":{"start":{"line":191,"column":8},"end":{"line":193,"column":36}},"68":{"start":{"line":202,"column":0},"end":{"line":214,"column":4}},"69":{"start":{"line":203,"column":17},"end":{"line":203,"column":42}},"70":{"start":{"line":205,"column":4},"end":{"line":213,"column":18}},"71":{"start":{"line":207,"column":18},"end":{"line":207,"column":39}},"72":{"start":{"line":210,"column":18},"end":{"line":212,"column":46}},"73":{"start":{"line":218,"column":0},"end":{"line":230,"column":4}},"74":{"start":{"line":219,"column":22},"end":{"line":219,"column":40}},"75":{"start":{"line":220,"column":4},"end":{"line":229,"column":5}},"76":{"start":{"line":221,"column":8},"end":{"line":221,"column":32}},"77":{"start":{"line":223,"column":21},"end":{"line":223,"column":46}},"78":{"start":{"line":224,"column":8},"end":{"line":228,"column":22}},"79":{"start":{"line":225,"column":41},"end":{"line":225,"column":77}},"80":{"start":{"line":227,"column":22},"end":{"line":227,"column":94}},"81":{"start":{"line":235,"column":0},"end":{"line":247,"column":3}},"82":{"start":{"line":236,"column":17},"end":{"line":236,"column":42}},"83":{"start":{"line":238,"column":4},"end":{"line":246,"column":18}},"84":{"start":{"line":240,"column":18},"end":{"line":240,"column":39}},"85":{"start":{"line":243,"column":18},"end":{"line":245,"column":46}},"86":{"start":{"line":250,"column":0},"end":{"line":264,"column":3}},"87":{"start":{"line":251,"column":22},"end":{"line":251,"column":35}},"88":{"start":{"line":252,"column":4},"end":{"line":263,"column":5}},"89":{"start":{"line":253,"column":8},"end":{"line":253,"column":30}},"90":{"start":{"line":256,"column":8},"end":{"line":262,"column":11}},"91":{"start":{"line":257,"column":32},"end":{"line":257,"column":64}},"92":{"start":{"line":259,"column":16},"end":{"line":261,"column":19}},"93":{"start":{"line":267,"column":0},"end":{"line":270,"column":102}},"94":{"start":{"line":268,"column":4},"end":{"line":268,"column":25}},"95":{"start":{"line":270,"column":4},"end":{"line":270,"column":102}},"96":{"start":{"line":270,"column":28},"end":{"line":270,"column":100}}},"fnMap":{"0":{"name":"(anonymous_0)","decl":{"start":{"line":21,"column":16},"end":{"line":21,"column":17}},"loc":{"start":{"line":21,"column":44},"end":{"line":27,"column":1}},"line":21},"1":{"name":"(anonymous_1)","decl":{"start":{"line":54,"column":66},"end":{"line":54,"column":67}},"loc":{"start":{"line":54,"column":72},"end":{"line":84,"column":1}},"line":54},"2":{"name":"(anonymous_2)","decl":{"start":{"line":59,"column":21},"end":{"line":59,"column":22}},"loc":{"start":{"line":59,"column":36},"end":{"line":79,"column":15}},"line":59},"3":{"name":"(anonymous_3)","decl":{"start":{"line":61,"column":39},"end":{"line":61,"column":40}},"loc":{"start":{"line":61,"column":44},"end":{"line":77,"column":23}},"line":61},"4":{"name":"(anonymous_4)","decl":{"start":{"line":70,"column":61},"end":{"line":70,"column":62}},"loc":{"start":{"line":70,"column":86},"end":{"line":76,"column":27}},"line":70},"5":{"name":"(anonymous_5)","decl":{"start":{"line":80,"column":8},"end":{"line":80,"column":9}},"loc":{"start":{"line":80,"column":19},"end":{"line":82,"column":9}},"line":80},"6":{"name":"(anonymous_6)","decl":{"start":{"line":88,"column":24},"end":{"line":88,"column":25}},"loc":{"start":{"line":88,"column":40},"end":{"line":124,"column":1}},"line":88},"7":{"name":"(anonymous_7)","decl":{"start":{"line":92,"column":21},"end":{"line":92,"column":22}},"loc":{"start":{"line":92,"column":33},"end":{"line":115,"column":15}},"line":92},"8":{"name":"(anonymous_8)","decl":{"start":{"line":117,"column":8},"end":{"line":117,"column":9}},"loc":{"start":{"line":117,"column":19},"end":{"line":122,"column":9}},"line":117},"9":{"name":"(anonymous_9)","decl":{"start":{"line":119,"column":25},"end":{"line":119,"column":26}},"loc":{"start":{"line":119,"column":40},"end":{"line":121,"column":13}},"line":119},"10":{"name":"(anonymous_10)","decl":{"start":{"line":121,"column":22},"end":{"line":121,"column":23}},"loc":{"start":{"line":121,"column":28},"end":{"line":121,"column":66}},"line":121},"11":{"name":"(anonymous_11)","decl":{"start":{"line":132,"column":25},"end":{"line":132,"column":26}},"loc":{"start":{"line":132,"column":41},"end":{"line":134,"column":1}},"line":132},"12":{"name":"(anonymous_12)","decl":{"start":{"line":140,"column":23},"end":{"line":140,"column":24}},"loc":{"start":{"line":140,"column":30},"end":{"line":140,"column":47}},"line":140},"13":{"name":"(anonymous_13)","decl":{"start":{"line":145,"column":9},"end":{"line":145,"column":10}},"loc":{"start":{"line":145,"column":42},"end":{"line":149,"column":1}},"line":145},"14":{"name":"(anonymous_14)","decl":{"start":{"line":172,"column":34},"end":{"line":172,"column":35}},"loc":{"start":{"line":172,"column":50},"end":{"line":183,"column":1}},"line":172},"15":{"name":"(anonymous_15)","decl":{"start":{"line":175,"column":21},"end":{"line":175,"column":22}},"loc":{"start":{"line":175,"column":37},"end":{"line":177,"column":15}},"line":175},"16":{"name":"(anonymous_16)","decl":{"start":{"line":178,"column":22},"end":{"line":178,"column":23}},"loc":{"start":{"line":178,"column":33},"end":{"line":182,"column":15}},"line":178},"17":{"name":"(anonymous_17)","decl":{"start":{"line":185,"column":39},"end":{"line":185,"column":40}},"loc":{"start":{"line":185,"column":55},"end":{"line":195,"column":1}},"line":185},"18":{"name":"(anonymous_18)","decl":{"start":{"line":188,"column":21},"end":{"line":188,"column":22}},"loc":{"start":{"line":188,"column":37},"end":{"line":190,"column":15}},"line":188},"19":{"name":"(anonymous_19)","decl":{"start":{"line":190,"column":25},"end":{"line":190,"column":26}},"loc":{"start":{"line":190,"column":36},"end":{"line":194,"column":5}},"line":190},"20":{"name":"(anonymous_20)","decl":{"start":{"line":202,"column":34},"end":{"line":202,"column":35}},"loc":{"start":{"line":202,"column":50},"end":{"line":214,"column":1}},"line":202},"21":{"name":"(anonymous_21)","decl":{"start":{"line":206,"column":21},"end":{"line":206,"column":22}},"loc":{"start":{"line":206,"column":37},"end":{"line":208,"column":15}},"line":206},"22":{"name":"(anonymous_22)","decl":{"start":{"line":209,"column":22},"end":{"line":209,"column":23}},"loc":{"start":{"line":209,"column":33},"end":{"line":213,"column":15}},"line":209},"23":{"name":"(anonymous_23)","decl":{"start":{"line":218,"column":34},"end":{"line":218,"column":35}},"loc":{"start":{"line":218,"column":50},"end":{"line":230,"column":1}},"line":218},"24":{"name":"(anonymous_24)","decl":{"start":{"line":225,"column":25},"end":{"line":225,"column":26}},"loc":{"start":{"line":225,"column":41},"end":{"line":225,"column":77}},"line":225},"25":{"name":"(anonymous_25)","decl":{"start":{"line":226,"column":26},"end":{"line":226,"column":27}},"loc":{"start":{"line":226,"column":37},"end":{"line":228,"column":19}},"line":226},"26":{"name":"(anonymous_26)","decl":{"start":{"line":235,"column":34},"end":{"line":235,"column":35}},"loc":{"start":{"line":235,"column":50},"end":{"line":247,"column":1}},"line":235},"27":{"name":"(anonymous_27)","decl":{"start":{"line":239,"column":21},"end":{"line":239,"column":22}},"loc":{"start":{"line":239,"column":37},"end":{"line":241,"column":15}},"line":239},"28":{"name":"(anonymous_28)","decl":{"start":{"line":242,"column":22},"end":{"line":242,"column":23}},"loc":{"start":{"line":242,"column":33},"end":{"line":246,"column":15}},"line":242},"29":{"name":"(anonymous_29)","decl":{"start":{"line":250,"column":40},"end":{"line":250,"column":41}},"loc":{"start":{"line":250,"column":54},"end":{"line":264,"column":1}},"line":250},"30":{"name":"(anonymous_30)","decl":{"start":{"line":257,"column":18},"end":{"line":257,"column":19}},"loc":{"start":{"line":257,"column":32},"end":{"line":257,"column":64}},"line":257},"31":{"name":"(anonymous_31)","decl":{"start":{"line":258,"column":19},"end":{"line":258,"column":20}},"loc":{"start":{"line":258,"column":28},"end":{"line":262,"column":9}},"line":258},"32":{"name":"(anonymous_32)","decl":{"start":{"line":270,"column":22},"end":{"line":270,"column":23}},"loc":{"start":{"line":270,"column":28},"end":{"line":270,"column":100}},"line":270}},"branchMap":{"0":{"loc":{"start":{"line":60,"column":18},"end":{"line":78,"column":72}},"type":"if","locations":[{"start":{"line":60,"column":18},"end":{"line":78,"column":72}},{"start":{"line":60,"column":18},"end":{"line":78,"column":72}}],"line":60},"1":{"loc":{"start":{"line":71,"column":30},"end":{"line":75,"column":31}},"type":"if","locations":[{"start":{"line":71,"column":30},"end":{"line":75,"column":31}},{"start":{"line":71,"column":30},"end":{"line":75,"column":31}}],"line":71},"2":{"loc":{"start":{"line":93,"column":18},"end":{"line":114,"column":19}},"type":"if","locations":[{"start":{"line":93,"column":18},"end":{"line":114,"column":19}},{"start":{"line":93,"column":18},"end":{"line":114,"column":19}}],"line":93},"3":{"loc":{"start":{"line":98,"column":22},"end":{"line":113,"column":23}},"type":"if","locations":[{"start":{"line":98,"column":22},"end":{"line":113,"column":23}},{"start":{"line":98,"column":22},"end":{"line":113,"column":23}}],"line":98},"4":{"loc":{"start":{"line":146,"column":4},"end":{"line":148,"column":5}},"type":"if","locations":[{"start":{"line":146,"column":4},"end":{"line":148,"column":5}},{"start":{"line":146,"column":4},"end":{"line":148,"column":5}}],"line":146},"5":{"loc":{"start":{"line":173,"column":17},"end":{"line":173,"column":42}},"type":"binary-expr","locations":[{"start":{"line":173,"column":17},"end":{"line":173,"column":25}},{"start":{"line":173,"column":29},"end":{"line":173,"column":42}}],"line":173},"6":{"loc":{"start":{"line":186,"column":17},"end":{"line":186,"column":42}},"type":"binary-expr","locations":[{"start":{"line":186,"column":17},"end":{"line":186,"column":25}},{"start":{"line":186,"column":29},"end":{"line":186,"column":42}}],"line":186},"7":{"loc":{"start":{"line":203,"column":17},"end":{"line":203,"column":42}},"type":"binary-expr","locations":[{"start":{"line":203,"column":17},"end":{"line":203,"column":25}},{"start":{"line":203,"column":29},"end":{"line":203,"column":42}}],"line":203},"8":{"loc":{"start":{"line":220,"column":4},"end":{"line":229,"column":5}},"type":"if","locations":[{"start":{"line":220,"column":4},"end":{"line":229,"column":5}},{"start":{"line":220,"column":4},"end":{"line":229,"column":5}}],"line":220},"9":{"loc":{"start":{"line":223,"column":21},"end":{"line":223,"column":46}},"type":"binary-expr","locations":[{"start":{"line":223,"column":21},"end":{"line":223,"column":29}},{"start":{"line":223,"column":33},"end":{"line":223,"column":46}}],"line":223},"10":{"loc":{"start":{"line":236,"column":17},"end":{"line":236,"column":42}},"type":"binary-expr","locations":[{"start":{"line":236,"column":17},"end":{"line":236,"column":25}},{"start":{"line":236,"column":29},"end":{"line":236,"column":42}}],"line":236},"11":{"loc":{"start":{"line":252,"column":4},"end":{"line":263,"column":5}},"type":"if","locations":[{"start":{"line":252,"column":4},"end":{"line":263,"column":5}},{"start":{"line":252,"column":4},"end":{"line":263,"column":5}}],"line":252},"12":{"loc":{"start":{"line":267,"column":0},"end":{"line":270,"column":102}},"type":"if","locations":[{"start":{"line":267,"column":0},"end":{"line":270,"column":102}},{"start":{"line":267,"column":0},"end":{"line":270,"column":102}}],"line":267},"13":{"loc":{"start":{"line":267,"column":5},"end":{"line":267,"column":49}},"type":"binary-expr","locations":[{"start":{"line":267,"column":5},"end":{"line":267,"column":21}},{"start":{"line":267,"column":25},"end":{"line":267,"column":49}}],"line":267}},"s":{"0":1,"1":1,"2":1,"3":1,"4":1,"5":1,"6":1,"7":1,"8":1,"9":1,"10":1,"11":1,"12":1,"13":1,"14":1,"15":1,"16":1,"17":1,"18":1,"19":1,"20":1,"21":0,"22":0,"23":0,"24":0,"25":0,"26":0,"27":0,"28":0,"29":0,"30":0,"31":0,"32":1,"33":1,"34":1,"35":1,"36":1,"37":0,"38":1,"39":0,"40":1,"41":1,"42":1,"43":0,"44":0,"45":0,"46":0,"47":1,"48":1,"49":0,"50":1,"51":4,"52":1,"53":0,"54":0,"55":1,"56":1,"57":1,"58":1,"59":0,"60":0,"61":0,"62":0,"63":1,"64":0,"65":0,"66":0,"67":0,"68":1,"69":1,"70":1,"71":1,"72":0,"73":1,"74":1,"75":1,"76":0,"77":1,"78":1,"79":1,"80":0,"81":1,"82":1,"83":1,"84":1,"85":0,"86":1,"87":0,"88":0,"89":0,"90":0,"91":0,"92":0,"93":1,"94":1,"95":0,"96":0},"f":{"0":1,"1":0,"2":0,"3":0,"4":0,"5":0,"6":1,"7":1,"8":0,"9":0,"10":0,"11":0,"12":4,"13":0,"14":0,"15":0,"16":0,"17":0,"18":0,"19":0,"20":1,"21":1,"22":0,"23":1,"24":1,"25":0,"26":1,"27":1,"28":0,"29":0,"30":0,"31":0,"32":0},"b":{"0":[0,0],"1":[0,0],"2":[0,1],"3":[0,1],"4":[0,0],"5":[0,0],"6":[0,0],"7":[1,1],"8":[0,1],"9":[1,1],"10":[1,1],"11":[0,0],"12":[1,0],"13":[1,1]},"_coverageSchema":"1a1c01bbd47fc00a2c39e90264f33305004495a9","hash":"20d7d769445c99ad13eda56a0b6595f9bd3165b2"}
}
