{"/home/elisa/Scrivania/proj/PULSeBS_Repo/pulsebs-server/User.js": {"path":"/home/elisa/Scrivania/proj/PULSeBS_Repo/pulsebs-server/User.js","statementMap":{"0":{"start":{"line":4,"column":8},"end":{"line":4,"column":21}},"1":{"start":{"line":5,"column":8},"end":{"line":5,"column":27}},"2":{"start":{"line":6,"column":8},"end":{"line":6,"column":25}},"3":{"start":{"line":7,"column":8},"end":{"line":7,"column":25}},"4":{"start":{"line":8,"column":8},"end":{"line":8,"column":31}},"5":{"start":{"line":11,"column":8},"end":{"line":11,"column":25}},"6":{"start":{"line":15,"column":0},"end":{"line":15,"column":22}}},"fnMap":{"0":{"name":"(anonymous_0)","decl":{"start":{"line":2,"column":4},"end":{"line":2,"column":5}},"loc":{"start":{"line":2,"column":54},"end":{"line":12,"column":5}},"line":2}},"branchMap":{},"s":{"0":5,"1":5,"2":5,"3":5,"4":5,"5":5,"6":2},"f":{"0":5},"b":{},"_coverageSchema":"1a1c01bbd47fc00a2c39e90264f33305004495a9","hash":"c7157440842aada7580a10d567eea40ea1d7ebdd"}
,"/home/elisa/Scrivania/proj/PULSeBS_Repo/pulsebs-server/pulsebsDAO.js": {"path":"/home/elisa/Scrivania/proj/PULSeBS_Repo/pulsebs-server/pulsebsDAO.js","statementMap":{"0":{"start":{"line":1,"column":16},"end":{"line":1,"column":46}},"1":{"start":{"line":2,"column":11},"end":{"line":2,"column":26}},"2":{"start":{"line":3,"column":15},"end":{"line":3,"column":34}},"3":{"start":{"line":5,"column":13},"end":{"line":5,"column":32}},"4":{"start":{"line":11,"column":18},"end":{"line":11,"column":59}},"5":{"start":{"line":12,"column":17},"end":{"line":12,"column":57}},"6":{"start":{"line":13,"column":24},"end":{"line":13,"column":53}},"7":{"start":{"line":14,"column":24},"end":{"line":14,"column":52}},"8":{"start":{"line":15,"column":4},"end":{"line":35,"column":8}},"9":{"start":{"line":16,"column":8},"end":{"line":16,"column":45}},"10":{"start":{"line":17,"column":8},"end":{"line":17,"column":39}},"11":{"start":{"line":18,"column":8},"end":{"line":25,"column":12}},"12":{"start":{"line":19,"column":12},"end":{"line":24,"column":13}},"13":{"start":{"line":20,"column":16},"end":{"line":20,"column":29}},"14":{"start":{"line":21,"column":16},"end":{"line":23,"column":20}},"15":{"start":{"line":22,"column":20},"end":{"line":22,"column":41}},"16":{"start":{"line":22,"column":31},"end":{"line":22,"column":41}},"17":{"start":{"line":26,"column":8},"end":{"line":33,"column":12}},"18":{"start":{"line":27,"column":12},"end":{"line":32,"column":13}},"19":{"start":{"line":28,"column":16},"end":{"line":28,"column":29}},"20":{"start":{"line":29,"column":16},"end":{"line":31,"column":20}},"21":{"start":{"line":30,"column":20},"end":{"line":30,"column":41}},"22":{"start":{"line":30,"column":31},"end":{"line":30,"column":41}},"23":{"start":{"line":34,"column":8},"end":{"line":34,"column":28}},"24":{"start":{"line":41,"column":0},"end":{"line":61,"column":1}},"25":{"start":{"line":42,"column":4},"end":{"line":60,"column":5}},"26":{"start":{"line":44,"column":23},"end":{"line":44,"column":40}},"27":{"start":{"line":46,"column":8},"end":{"line":48,"column":9}},"28":{"start":{"line":47,"column":12},"end":{"line":47,"column":36}},"29":{"start":{"line":50,"column":8},"end":{"line":53,"column":12}},"30":{"start":{"line":51,"column":12},"end":{"line":52,"column":83}},"31":{"start":{"line":51,"column":23},"end":{"line":51,"column":59}},"32":{"start":{"line":52,"column":17},"end":{"line":52,"column":83}},"33":{"start":{"line":54,"column":8},"end":{"line":54,"column":19}},"34":{"start":{"line":56,"column":8},"end":{"line":59,"column":12}},"35":{"start":{"line":57,"column":12},"end":{"line":58,"column":78}},"36":{"start":{"line":57,"column":23},"end":{"line":57,"column":59}},"37":{"start":{"line":58,"column":17},"end":{"line":58,"column":78}},"38":{"start":{"line":72,"column":0},"end":{"line":98,"column":2}},"39":{"start":{"line":73,"column":4},"end":{"line":97,"column":8}},"40":{"start":{"line":74,"column":33},"end":{"line":74,"column":34}},"41":{"start":{"line":76,"column":19},"end":{"line":78,"column":55}},"42":{"start":{"line":80,"column":8},"end":{"line":95,"column":9}},"43":{"start":{"line":80,"column":22},"end":{"line":80,"column":23}},"44":{"start":{"line":81,"column":12},"end":{"line":94,"column":16}},"45":{"start":{"line":82,"column":16},"end":{"line":93,"column":17}},"46":{"start":{"line":83,"column":20},"end":{"line":83,"column":34}},"47":{"start":{"line":84,"column":23},"end":{"line":93,"column":17}},"48":{"start":{"line":86,"column":20},"end":{"line":86,"column":41}},"49":{"start":{"line":87,"column":20},"end":{"line":87,"column":72}},"50":{"start":{"line":87,"column":52},"end":{"line":87,"column":72}},"51":{"start":{"line":90,"column":30},"end":{"line":90,"column":37}},"52":{"start":{"line":91,"column":33},"end":{"line":91,"column":102}},"53":{"start":{"line":92,"column":20},"end":{"line":92,"column":36}},"54":{"start":{"line":104,"column":0},"end":{"line":117,"column":1}},"55":{"start":{"line":105,"column":4},"end":{"line":116,"column":8}},"56":{"start":{"line":106,"column":20},"end":{"line":110,"column":45}},"57":{"start":{"line":111,"column":8},"end":{"line":115,"column":12}},"58":{"start":{"line":112,"column":8},"end":{"line":112,"column":33}},"59":{"start":{"line":112,"column":19},"end":{"line":112,"column":33}},"60":{"start":{"line":113,"column":8},"end":{"line":114,"column":26}},"61":{"start":{"line":113,"column":20},"end":{"line":113,"column":39}},"62":{"start":{"line":114,"column":13},"end":{"line":114,"column":26}},"63":{"start":{"line":123,"column":0},"end":{"line":149,"column":2}},"64":{"start":{"line":124,"column":4},"end":{"line":148,"column":8}},"65":{"start":{"line":125,"column":33},"end":{"line":125,"column":34}},"66":{"start":{"line":127,"column":19},"end":{"line":129,"column":52}},"67":{"start":{"line":131,"column":8},"end":{"line":146,"column":9}},"68":{"start":{"line":131,"column":22},"end":{"line":131,"column":23}},"69":{"start":{"line":132,"column":12},"end":{"line":145,"column":16}},"70":{"start":{"line":133,"column":16},"end":{"line":144,"column":17}},"71":{"start":{"line":134,"column":20},"end":{"line":134,"column":34}},"72":{"start":{"line":135,"column":23},"end":{"line":144,"column":17}},"73":{"start":{"line":137,"column":20},"end":{"line":137,"column":41}},"74":{"start":{"line":138,"column":20},"end":{"line":138,"column":72}},"75":{"start":{"line":138,"column":52},"end":{"line":138,"column":72}},"76":{"start":{"line":141,"column":30},"end":{"line":141,"column":37}},"77":{"start":{"line":142,"column":33},"end":{"line":142,"column":102}},"78":{"start":{"line":143,"column":20},"end":{"line":143,"column":36}},"79":{"start":{"line":155,"column":0},"end":{"line":179,"column":1}},"80":{"start":{"line":156,"column":4},"end":{"line":178,"column":10}},"81":{"start":{"line":158,"column":25},"end":{"line":163,"column":64}},"82":{"start":{"line":165,"column":24},"end":{"line":165,"column":141}},"83":{"start":{"line":167,"column":8},"end":{"line":177,"column":12}},"84":{"start":{"line":168,"column":12},"end":{"line":168,"column":37}},"85":{"start":{"line":168,"column":23},"end":{"line":168,"column":37}},"86":{"start":{"line":169,"column":12},"end":{"line":176,"column":32}},"87":{"start":{"line":172,"column":16},"end":{"line":175,"column":20}},"88":{"start":{"line":174,"column":20},"end":{"line":174,"column":55}},"89":{"start":{"line":176,"column":19},"end":{"line":176,"column":32}},"90":{"start":{"line":185,"column":0},"end":{"line":202,"column":1}},"91":{"start":{"line":186,"column":4},"end":{"line":201,"column":8}},"92":{"start":{"line":187,"column":20},"end":{"line":195,"column":52}},"93":{"start":{"line":196,"column":8},"end":{"line":200,"column":12}},"94":{"start":{"line":197,"column":8},"end":{"line":197,"column":33}},"95":{"start":{"line":197,"column":19},"end":{"line":197,"column":33}},"96":{"start":{"line":198,"column":8},"end":{"line":199,"column":26}},"97":{"start":{"line":198,"column":20},"end":{"line":198,"column":39}},"98":{"start":{"line":199,"column":13},"end":{"line":199,"column":26}},"99":{"start":{"line":209,"column":0},"end":{"line":238,"column":1}},"100":{"start":{"line":210,"column":4},"end":{"line":237,"column":10}},"101":{"start":{"line":211,"column":20},"end":{"line":231,"column":31}},"102":{"start":{"line":232,"column":8},"end":{"line":236,"column":12}},"103":{"start":{"line":233,"column":12},"end":{"line":233,"column":37}},"104":{"start":{"line":233,"column":23},"end":{"line":233,"column":37}},"105":{"start":{"line":234,"column":12},"end":{"line":235,"column":30}},"106":{"start":{"line":234,"column":24},"end":{"line":234,"column":40}},"107":{"start":{"line":235,"column":17},"end":{"line":235,"column":30}},"108":{"start":{"line":244,"column":0},"end":{"line":270,"column":1}},"109":{"start":{"line":245,"column":4},"end":{"line":269,"column":10}},"110":{"start":{"line":246,"column":20},"end":{"line":260,"column":64}},"111":{"start":{"line":261,"column":8},"end":{"line":268,"column":12}},"112":{"start":{"line":262,"column":12},"end":{"line":262,"column":37}},"113":{"start":{"line":262,"column":23},"end":{"line":262,"column":37}},"114":{"start":{"line":263,"column":12},"end":{"line":267,"column":30}},"115":{"start":{"line":264,"column":16},"end":{"line":264,"column":32}},"116":{"start":{"line":265,"column":16},"end":{"line":265,"column":34}},"117":{"start":{"line":267,"column":17},"end":{"line":267,"column":30}},"118":{"start":{"line":276,"column":0},"end":{"line":285,"column":1}},"119":{"start":{"line":277,"column":4},"end":{"line":284,"column":10}},"120":{"start":{"line":278,"column":20},"end":{"line":278,"column":93}},"121":{"start":{"line":279,"column":8},"end":{"line":283,"column":12}},"122":{"start":{"line":280,"column":12},"end":{"line":280,"column":37}},"123":{"start":{"line":280,"column":23},"end":{"line":280,"column":37}},"124":{"start":{"line":281,"column":12},"end":{"line":282,"column":30}},"125":{"start":{"line":281,"column":24},"end":{"line":281,"column":40}},"126":{"start":{"line":282,"column":17},"end":{"line":282,"column":30}},"127":{"start":{"line":291,"column":0},"end":{"line":302,"column":1}},"128":{"start":{"line":292,"column":4},"end":{"line":301,"column":10}},"129":{"start":{"line":293,"column":20},"end":{"line":295,"column":104}},"130":{"start":{"line":296,"column":8},"end":{"line":300,"column":12}},"131":{"start":{"line":297,"column":12},"end":{"line":297,"column":37}},"132":{"start":{"line":297,"column":23},"end":{"line":297,"column":37}},"133":{"start":{"line":298,"column":12},"end":{"line":299,"column":28}},"134":{"start":{"line":298,"column":24},"end":{"line":298,"column":40}},"135":{"start":{"line":299,"column":17},"end":{"line":299,"column":28}},"136":{"start":{"line":309,"column":0},"end":{"line":318,"column":1}},"137":{"start":{"line":310,"column":4},"end":{"line":317,"column":10}},"138":{"start":{"line":311,"column":20},"end":{"line":311,"column":78}},"139":{"start":{"line":312,"column":8},"end":{"line":316,"column":12}},"140":{"start":{"line":313,"column":12},"end":{"line":313,"column":37}},"141":{"start":{"line":313,"column":23},"end":{"line":313,"column":37}},"142":{"start":{"line":314,"column":12},"end":{"line":315,"column":30}},"143":{"start":{"line":314,"column":32},"end":{"line":314,"column":45}},"144":{"start":{"line":315,"column":17},"end":{"line":315,"column":30}},"145":{"start":{"line":324,"column":0},"end":{"line":333,"column":1}},"146":{"start":{"line":325,"column":4},"end":{"line":332,"column":10}},"147":{"start":{"line":326,"column":20},"end":{"line":326,"column":68}},"148":{"start":{"line":327,"column":8},"end":{"line":331,"column":12}},"149":{"start":{"line":328,"column":12},"end":{"line":328,"column":37}},"150":{"start":{"line":328,"column":23},"end":{"line":328,"column":37}},"151":{"start":{"line":329,"column":12},"end":{"line":330,"column":30}},"152":{"start":{"line":329,"column":32},"end":{"line":329,"column":45}},"153":{"start":{"line":330,"column":17},"end":{"line":330,"column":30}},"154":{"start":{"line":340,"column":0},"end":{"line":371,"column":1}},"155":{"start":{"line":341,"column":4},"end":{"line":370,"column":10}},"156":{"start":{"line":342,"column":20},"end":{"line":364,"column":64}},"157":{"start":{"line":365,"column":8},"end":{"line":369,"column":12}},"158":{"start":{"line":366,"column":12},"end":{"line":366,"column":37}},"159":{"start":{"line":366,"column":23},"end":{"line":366,"column":37}},"160":{"start":{"line":367,"column":12},"end":{"line":368,"column":30}},"161":{"start":{"line":367,"column":24},"end":{"line":367,"column":40}},"162":{"start":{"line":368,"column":17},"end":{"line":368,"column":30}},"163":{"start":{"line":377,"column":0},"end":{"line":386,"column":1}},"164":{"start":{"line":378,"column":4},"end":{"line":385,"column":10}},"165":{"start":{"line":379,"column":20},"end":{"line":379,"column":92}},"166":{"start":{"line":380,"column":8},"end":{"line":384,"column":12}},"167":{"start":{"line":381,"column":12},"end":{"line":381,"column":37}},"168":{"start":{"line":381,"column":23},"end":{"line":381,"column":37}},"169":{"start":{"line":382,"column":12},"end":{"line":383,"column":30}},"170":{"start":{"line":382,"column":32},"end":{"line":382,"column":45}},"171":{"start":{"line":383,"column":17},"end":{"line":383,"column":30}},"172":{"start":{"line":392,"column":0},"end":{"line":431,"column":1}},"173":{"start":{"line":393,"column":4},"end":{"line":430,"column":10}},"174":{"start":{"line":394,"column":20},"end":{"line":424,"column":48}},"175":{"start":{"line":425,"column":8},"end":{"line":429,"column":12}},"176":{"start":{"line":426,"column":12},"end":{"line":428,"column":28}},"177":{"start":{"line":426,"column":23},"end":{"line":426,"column":37}},"178":{"start":{"line":427,"column":17},"end":{"line":428,"column":28}},"179":{"start":{"line":427,"column":29},"end":{"line":427,"column":45}},"180":{"start":{"line":428,"column":17},"end":{"line":428,"column":28}},"181":{"start":{"line":437,"column":0},"end":{"line":446,"column":1}},"182":{"start":{"line":438,"column":4},"end":{"line":445,"column":10}},"183":{"start":{"line":439,"column":20},"end":{"line":439,"column":110}},"184":{"start":{"line":440,"column":8},"end":{"line":444,"column":12}},"185":{"start":{"line":441,"column":12},"end":{"line":441,"column":37}},"186":{"start":{"line":441,"column":23},"end":{"line":441,"column":37}},"187":{"start":{"line":442,"column":12},"end":{"line":443,"column":30}},"188":{"start":{"line":442,"column":32},"end":{"line":442,"column":45}},"189":{"start":{"line":443,"column":17},"end":{"line":443,"column":30}},"190":{"start":{"line":453,"column":0},"end":{"line":476,"column":1}},"191":{"start":{"line":454,"column":4},"end":{"line":475,"column":10}},"192":{"start":{"line":455,"column":20},"end":{"line":469,"column":40}},"193":{"start":{"line":470,"column":8},"end":{"line":474,"column":12}},"194":{"start":{"line":471,"column":12},"end":{"line":471,"column":37}},"195":{"start":{"line":471,"column":23},"end":{"line":471,"column":37}},"196":{"start":{"line":472,"column":12},"end":{"line":473,"column":30}},"197":{"start":{"line":472,"column":24},"end":{"line":472,"column":40}},"198":{"start":{"line":473,"column":17},"end":{"line":473,"column":30}},"199":{"start":{"line":483,"column":0},"end":{"line":501,"column":1}},"200":{"start":{"line":484,"column":4},"end":{"line":500,"column":10}},"201":{"start":{"line":485,"column":20},"end":{"line":494,"column":66}},"202":{"start":{"line":495,"column":8},"end":{"line":499,"column":12}},"203":{"start":{"line":496,"column":12},"end":{"line":496,"column":37}},"204":{"start":{"line":496,"column":23},"end":{"line":496,"column":37}},"205":{"start":{"line":497,"column":12},"end":{"line":498,"column":30}},"206":{"start":{"line":497,"column":24},"end":{"line":497,"column":40}},"207":{"start":{"line":498,"column":17},"end":{"line":498,"column":30}},"208":{"start":{"line":507,"column":0},"end":{"line":519,"column":1}},"209":{"start":{"line":508,"column":4},"end":{"line":518,"column":10}},"210":{"start":{"line":510,"column":20},"end":{"line":512,"column":70}},"211":{"start":{"line":513,"column":8},"end":{"line":517,"column":12}},"212":{"start":{"line":514,"column":12},"end":{"line":514,"column":37}},"213":{"start":{"line":514,"column":23},"end":{"line":514,"column":37}},"214":{"start":{"line":515,"column":12},"end":{"line":516,"column":30}},"215":{"start":{"line":515,"column":24},"end":{"line":515,"column":40}},"216":{"start":{"line":516,"column":17},"end":{"line":516,"column":30}},"217":{"start":{"line":525,"column":0},"end":{"line":557,"column":1}},"218":{"start":{"line":526,"column":4},"end":{"line":556,"column":10}},"219":{"start":{"line":527,"column":18},"end":{"line":527,"column":26}},"220":{"start":{"line":528,"column":26},"end":{"line":528,"column":52}},"221":{"start":{"line":530,"column":20},"end":{"line":550,"column":87}},"222":{"start":{"line":551,"column":8},"end":{"line":555,"column":12}},"223":{"start":{"line":552,"column":12},"end":{"line":552,"column":37}},"224":{"start":{"line":552,"column":23},"end":{"line":552,"column":37}},"225":{"start":{"line":553,"column":12},"end":{"line":554,"column":30}},"226":{"start":{"line":553,"column":24},"end":{"line":553,"column":40}},"227":{"start":{"line":554,"column":17},"end":{"line":554,"column":30}},"228":{"start":{"line":563,"column":0},"end":{"line":587,"column":1}},"229":{"start":{"line":564,"column":4},"end":{"line":586,"column":10}},"230":{"start":{"line":565,"column":18},"end":{"line":565,"column":26}},"231":{"start":{"line":566,"column":26},"end":{"line":566,"column":52}},"232":{"start":{"line":568,"column":20},"end":{"line":580,"column":65}},"233":{"start":{"line":581,"column":8},"end":{"line":585,"column":12}},"234":{"start":{"line":582,"column":12},"end":{"line":582,"column":37}},"235":{"start":{"line":582,"column":23},"end":{"line":582,"column":37}},"236":{"start":{"line":583,"column":12},"end":{"line":584,"column":30}},"237":{"start":{"line":583,"column":24},"end":{"line":583,"column":40}},"238":{"start":{"line":584,"column":17},"end":{"line":584,"column":30}},"239":{"start":{"line":593,"column":0},"end":{"line":602,"column":1}},"240":{"start":{"line":594,"column":4},"end":{"line":601,"column":10}},"241":{"start":{"line":595,"column":20},"end":{"line":595,"column":92}},"242":{"start":{"line":596,"column":8},"end":{"line":600,"column":12}},"243":{"start":{"line":597,"column":12},"end":{"line":597,"column":37}},"244":{"start":{"line":597,"column":23},"end":{"line":597,"column":37}},"245":{"start":{"line":598,"column":12},"end":{"line":599,"column":30}},"246":{"start":{"line":598,"column":32},"end":{"line":598,"column":45}},"247":{"start":{"line":599,"column":17},"end":{"line":599,"column":30}},"248":{"start":{"line":608,"column":0},"end":{"line":617,"column":1}},"249":{"start":{"line":609,"column":4},"end":{"line":616,"column":10}},"250":{"start":{"line":610,"column":20},"end":{"line":610,"column":82}},"251":{"start":{"line":611,"column":8},"end":{"line":615,"column":12}},"252":{"start":{"line":612,"column":12},"end":{"line":612,"column":37}},"253":{"start":{"line":612,"column":23},"end":{"line":612,"column":37}},"254":{"start":{"line":613,"column":12},"end":{"line":614,"column":30}},"255":{"start":{"line":613,"column":24},"end":{"line":613,"column":40}},"256":{"start":{"line":614,"column":17},"end":{"line":614,"column":30}},"257":{"start":{"line":623,"column":0},"end":{"line":632,"column":1}},"258":{"start":{"line":624,"column":4},"end":{"line":631,"column":10}},"259":{"start":{"line":625,"column":20},"end":{"line":625,"column":87}},"260":{"start":{"line":626,"column":8},"end":{"line":630,"column":12}},"261":{"start":{"line":627,"column":12},"end":{"line":627,"column":37}},"262":{"start":{"line":627,"column":23},"end":{"line":627,"column":37}},"263":{"start":{"line":628,"column":12},"end":{"line":629,"column":30}},"264":{"start":{"line":628,"column":32},"end":{"line":628,"column":45}},"265":{"start":{"line":629,"column":17},"end":{"line":629,"column":30}}},"fnMap":{"0":{"name":"loadData","decl":{"start":{"line":9,"column":9},"end":{"line":9,"column":17}},"loc":{"start":{"line":9,"column":20},"end":{"line":36,"column":1}},"line":9},"1":{"name":"(anonymous_1)","decl":{"start":{"line":15,"column":18},"end":{"line":15,"column":19}},"loc":{"start":{"line":15,"column":24},"end":{"line":35,"column":5}},"line":15},"2":{"name":"(anonymous_2)","decl":{"start":{"line":18,"column":29},"end":{"line":18,"column":30}},"loc":{"start":{"line":18,"column":38},"end":{"line":25,"column":9}},"line":18},"3":{"name":"(anonymous_3)","decl":{"start":{"line":21,"column":31},"end":{"line":21,"column":32}},"loc":{"start":{"line":21,"column":38},"end":{"line":23,"column":17}},"line":21},"4":{"name":"(anonymous_4)","decl":{"start":{"line":26,"column":29},"end":{"line":26,"column":30}},"loc":{"start":{"line":26,"column":38},"end":{"line":33,"column":9}},"line":26},"5":{"name":"(anonymous_5)","decl":{"start":{"line":29,"column":31},"end":{"line":29,"column":32}},"loc":{"start":{"line":29,"column":38},"end":{"line":31,"column":17}},"line":29},"6":{"name":"(anonymous_6)","decl":{"start":{"line":50,"column":54},"end":{"line":50,"column":55}},"loc":{"start":{"line":50,"column":65},"end":{"line":53,"column":9}},"line":50},"7":{"name":"(anonymous_7)","decl":{"start":{"line":56,"column":49},"end":{"line":56,"column":50}},"loc":{"start":{"line":56,"column":60},"end":{"line":59,"column":9}},"line":56},"8":{"name":"(anonymous_8)","decl":{"start":{"line":72,"column":25},"end":{"line":72,"column":26}},"loc":{"start":{"line":72,"column":44},"end":{"line":98,"column":1}},"line":72},"9":{"name":"(anonymous_9)","decl":{"start":{"line":73,"column":24},"end":{"line":73,"column":25}},"loc":{"start":{"line":73,"column":47},"end":{"line":97,"column":5}},"line":73},"10":{"name":"(anonymous_10)","decl":{"start":{"line":81,"column":40},"end":{"line":81,"column":41}},"loc":{"start":{"line":81,"column":57},"end":{"line":94,"column":13}},"line":81},"11":{"name":"(anonymous_11)","decl":{"start":{"line":104,"column":29},"end":{"line":104,"column":30}},"loc":{"start":{"line":104,"column":44},"end":{"line":117,"column":1}},"line":104},"12":{"name":"(anonymous_12)","decl":{"start":{"line":105,"column":24},"end":{"line":105,"column":25}},"loc":{"start":{"line":105,"column":45},"end":{"line":116,"column":5}},"line":105},"13":{"name":"(anonymous_13)","decl":{"start":{"line":111,"column":27},"end":{"line":111,"column":28}},"loc":{"start":{"line":111,"column":44},"end":{"line":115,"column":9}},"line":111},"14":{"name":"(anonymous_14)","decl":{"start":{"line":123,"column":22},"end":{"line":123,"column":23}},"loc":{"start":{"line":123,"column":38},"end":{"line":149,"column":1}},"line":123},"15":{"name":"(anonymous_15)","decl":{"start":{"line":124,"column":24},"end":{"line":124,"column":25}},"loc":{"start":{"line":124,"column":47},"end":{"line":148,"column":5}},"line":124},"16":{"name":"(anonymous_16)","decl":{"start":{"line":132,"column":37},"end":{"line":132,"column":38}},"loc":{"start":{"line":132,"column":54},"end":{"line":145,"column":13}},"line":132},"17":{"name":"(anonymous_17)","decl":{"start":{"line":155,"column":19},"end":{"line":155,"column":20}},"loc":{"start":{"line":155,"column":47},"end":{"line":179,"column":1}},"line":155},"18":{"name":"(anonymous_18)","decl":{"start":{"line":156,"column":26},"end":{"line":156,"column":27}},"loc":{"start":{"line":156,"column":49},"end":{"line":178,"column":5}},"line":156},"19":{"name":"(anonymous_19)","decl":{"start":{"line":167,"column":32},"end":{"line":167,"column":33}},"loc":{"start":{"line":167,"column":48},"end":{"line":177,"column":9}},"line":167},"20":{"name":"(anonymous_20)","decl":{"start":{"line":172,"column":39},"end":{"line":172,"column":40}},"loc":{"start":{"line":172,"column":50},"end":{"line":175,"column":17}},"line":172},"21":{"name":"(anonymous_21)","decl":{"start":{"line":185,"column":26},"end":{"line":185,"column":27}},"loc":{"start":{"line":185,"column":41},"end":{"line":202,"column":1}},"line":185},"22":{"name":"(anonymous_22)","decl":{"start":{"line":186,"column":24},"end":{"line":186,"column":25}},"loc":{"start":{"line":186,"column":45},"end":{"line":201,"column":5}},"line":186},"23":{"name":"(anonymous_23)","decl":{"start":{"line":196,"column":27},"end":{"line":196,"column":28}},"loc":{"start":{"line":196,"column":44},"end":{"line":200,"column":9}},"line":196},"24":{"name":"(anonymous_24)","decl":{"start":{"line":209,"column":29},"end":{"line":209,"column":30}},"loc":{"start":{"line":209,"column":46},"end":{"line":238,"column":1}},"line":209},"25":{"name":"(anonymous_25)","decl":{"start":{"line":210,"column":26},"end":{"line":210,"column":27}},"loc":{"start":{"line":210,"column":49},"end":{"line":237,"column":5}},"line":210},"26":{"name":"(anonymous_26)","decl":{"start":{"line":232,"column":27},"end":{"line":232,"column":28}},"loc":{"start":{"line":232,"column":44},"end":{"line":236,"column":9}},"line":232},"27":{"name":"(anonymous_27)","decl":{"start":{"line":244,"column":29},"end":{"line":244,"column":30}},"loc":{"start":{"line":244,"column":46},"end":{"line":270,"column":1}},"line":244},"28":{"name":"(anonymous_28)","decl":{"start":{"line":245,"column":26},"end":{"line":245,"column":27}},"loc":{"start":{"line":245,"column":49},"end":{"line":269,"column":5}},"line":245},"29":{"name":"(anonymous_29)","decl":{"start":{"line":261,"column":27},"end":{"line":261,"column":28}},"loc":{"start":{"line":261,"column":44},"end":{"line":268,"column":9}},"line":261},"30":{"name":"(anonymous_30)","decl":{"start":{"line":276,"column":32},"end":{"line":276,"column":33}},"loc":{"start":{"line":276,"column":49},"end":{"line":285,"column":1}},"line":276},"31":{"name":"(anonymous_31)","decl":{"start":{"line":277,"column":26},"end":{"line":277,"column":27}},"loc":{"start":{"line":277,"column":49},"end":{"line":284,"column":5}},"line":277},"32":{"name":"(anonymous_32)","decl":{"start":{"line":279,"column":27},"end":{"line":279,"column":28}},"loc":{"start":{"line":279,"column":44},"end":{"line":283,"column":9}},"line":279},"33":{"name":"(anonymous_33)","decl":{"start":{"line":291,"column":34},"end":{"line":291,"column":35}},"loc":{"start":{"line":291,"column":51},"end":{"line":302,"column":1}},"line":291},"34":{"name":"(anonymous_34)","decl":{"start":{"line":292,"column":26},"end":{"line":292,"column":27}},"loc":{"start":{"line":292,"column":49},"end":{"line":301,"column":5}},"line":292},"35":{"name":"(anonymous_35)","decl":{"start":{"line":296,"column":27},"end":{"line":296,"column":28}},"loc":{"start":{"line":296,"column":44},"end":{"line":300,"column":9}},"line":296},"36":{"name":"(anonymous_36)","decl":{"start":{"line":309,"column":25},"end":{"line":309,"column":26}},"loc":{"start":{"line":309,"column":42},"end":{"line":318,"column":1}},"line":309},"37":{"name":"(anonymous_37)","decl":{"start":{"line":310,"column":26},"end":{"line":310,"column":27}},"loc":{"start":{"line":310,"column":49},"end":{"line":317,"column":5}},"line":310},"38":{"name":"(anonymous_38)","decl":{"start":{"line":312,"column":27},"end":{"line":312,"column":28}},"loc":{"start":{"line":312,"column":44},"end":{"line":316,"column":9}},"line":312},"39":{"name":"(anonymous_39)","decl":{"start":{"line":324,"column":24},"end":{"line":324,"column":25}},"loc":{"start":{"line":324,"column":41},"end":{"line":333,"column":1}},"line":324},"40":{"name":"(anonymous_40)","decl":{"start":{"line":325,"column":26},"end":{"line":325,"column":27}},"loc":{"start":{"line":325,"column":49},"end":{"line":332,"column":5}},"line":325},"41":{"name":"(anonymous_41)","decl":{"start":{"line":327,"column":27},"end":{"line":327,"column":28}},"loc":{"start":{"line":327,"column":44},"end":{"line":331,"column":9}},"line":327},"42":{"name":"(anonymous_42)","decl":{"start":{"line":340,"column":29},"end":{"line":340,"column":30}},"loc":{"start":{"line":340,"column":46},"end":{"line":371,"column":1}},"line":340},"43":{"name":"(anonymous_43)","decl":{"start":{"line":341,"column":26},"end":{"line":341,"column":27}},"loc":{"start":{"line":341,"column":49},"end":{"line":370,"column":5}},"line":341},"44":{"name":"(anonymous_44)","decl":{"start":{"line":365,"column":27},"end":{"line":365,"column":28}},"loc":{"start":{"line":365,"column":44},"end":{"line":369,"column":9}},"line":365},"45":{"name":"(anonymous_45)","decl":{"start":{"line":377,"column":24},"end":{"line":377,"column":25}},"loc":{"start":{"line":377,"column":41},"end":{"line":386,"column":1}},"line":377},"46":{"name":"(anonymous_46)","decl":{"start":{"line":378,"column":26},"end":{"line":378,"column":27}},"loc":{"start":{"line":378,"column":49},"end":{"line":385,"column":5}},"line":378},"47":{"name":"(anonymous_47)","decl":{"start":{"line":380,"column":27},"end":{"line":380,"column":28}},"loc":{"start":{"line":380,"column":44},"end":{"line":384,"column":9}},"line":380},"48":{"name":"(anonymous_48)","decl":{"start":{"line":392,"column":34},"end":{"line":392,"column":35}},"loc":{"start":{"line":392,"column":54},"end":{"line":431,"column":1}},"line":392},"49":{"name":"(anonymous_49)","decl":{"start":{"line":393,"column":26},"end":{"line":393,"column":27}},"loc":{"start":{"line":393,"column":49},"end":{"line":430,"column":5}},"line":393},"50":{"name":"(anonymous_50)","decl":{"start":{"line":425,"column":27},"end":{"line":425,"column":28}},"loc":{"start":{"line":425,"column":44},"end":{"line":429,"column":9}},"line":425},"51":{"name":"(anonymous_51)","decl":{"start":{"line":437,"column":29},"end":{"line":437,"column":30}},"loc":{"start":{"line":437,"column":46},"end":{"line":446,"column":1}},"line":437},"52":{"name":"(anonymous_52)","decl":{"start":{"line":438,"column":26},"end":{"line":438,"column":27}},"loc":{"start":{"line":438,"column":49},"end":{"line":445,"column":5}},"line":438},"53":{"name":"(anonymous_53)","decl":{"start":{"line":440,"column":27},"end":{"line":440,"column":28}},"loc":{"start":{"line":440,"column":44},"end":{"line":444,"column":9}},"line":440},"54":{"name":"(anonymous_54)","decl":{"start":{"line":453,"column":33},"end":{"line":453,"column":34}},"loc":{"start":{"line":453,"column":50},"end":{"line":476,"column":1}},"line":453},"55":{"name":"(anonymous_55)","decl":{"start":{"line":454,"column":26},"end":{"line":454,"column":27}},"loc":{"start":{"line":454,"column":49},"end":{"line":475,"column":5}},"line":454},"56":{"name":"(anonymous_56)","decl":{"start":{"line":470,"column":27},"end":{"line":470,"column":28}},"loc":{"start":{"line":470,"column":44},"end":{"line":474,"column":9}},"line":470},"57":{"name":"(anonymous_57)","decl":{"start":{"line":483,"column":34},"end":{"line":483,"column":35}},"loc":{"start":{"line":483,"column":51},"end":{"line":501,"column":1}},"line":483},"58":{"name":"(anonymous_58)","decl":{"start":{"line":484,"column":26},"end":{"line":484,"column":27}},"loc":{"start":{"line":484,"column":49},"end":{"line":500,"column":5}},"line":484},"59":{"name":"(anonymous_59)","decl":{"start":{"line":495,"column":27},"end":{"line":495,"column":28}},"loc":{"start":{"line":495,"column":44},"end":{"line":499,"column":9}},"line":495},"60":{"name":"(anonymous_60)","decl":{"start":{"line":507,"column":26},"end":{"line":507,"column":27}},"loc":{"start":{"line":507,"column":32},"end":{"line":519,"column":1}},"line":507},"61":{"name":"(anonymous_61)","decl":{"start":{"line":508,"column":26},"end":{"line":508,"column":27}},"loc":{"start":{"line":508,"column":49},"end":{"line":518,"column":5}},"line":508},"62":{"name":"(anonymous_62)","decl":{"start":{"line":513,"column":27},"end":{"line":513,"column":28}},"loc":{"start":{"line":513,"column":44},"end":{"line":517,"column":9}},"line":513},"63":{"name":"(anonymous_63)","decl":{"start":{"line":525,"column":32},"end":{"line":525,"column":33}},"loc":{"start":{"line":525,"column":49},"end":{"line":557,"column":1}},"line":525},"64":{"name":"(anonymous_64)","decl":{"start":{"line":526,"column":26},"end":{"line":526,"column":27}},"loc":{"start":{"line":526,"column":49},"end":{"line":556,"column":5}},"line":526},"65":{"name":"(anonymous_65)","decl":{"start":{"line":551,"column":27},"end":{"line":551,"column":28}},"loc":{"start":{"line":551,"column":44},"end":{"line":555,"column":9}},"line":551},"66":{"name":"(anonymous_66)","decl":{"start":{"line":563,"column":32},"end":{"line":563,"column":33}},"loc":{"start":{"line":563,"column":49},"end":{"line":587,"column":1}},"line":563},"67":{"name":"(anonymous_67)","decl":{"start":{"line":564,"column":26},"end":{"line":564,"column":27}},"loc":{"start":{"line":564,"column":49},"end":{"line":586,"column":5}},"line":564},"68":{"name":"(anonymous_68)","decl":{"start":{"line":581,"column":27},"end":{"line":581,"column":28}},"loc":{"start":{"line":581,"column":44},"end":{"line":585,"column":9}},"line":581},"69":{"name":"(anonymous_69)","decl":{"start":{"line":593,"column":30},"end":{"line":593,"column":31}},"loc":{"start":{"line":593,"column":57},"end":{"line":602,"column":1}},"line":593},"70":{"name":"(anonymous_70)","decl":{"start":{"line":594,"column":26},"end":{"line":594,"column":27}},"loc":{"start":{"line":594,"column":49},"end":{"line":601,"column":5}},"line":594},"71":{"name":"(anonymous_71)","decl":{"start":{"line":596,"column":27},"end":{"line":596,"column":28}},"loc":{"start":{"line":596,"column":44},"end":{"line":600,"column":9}},"line":596},"72":{"name":"(anonymous_72)","decl":{"start":{"line":608,"column":36},"end":{"line":608,"column":37}},"loc":{"start":{"line":608,"column":42},"end":{"line":617,"column":1}},"line":608},"73":{"name":"(anonymous_73)","decl":{"start":{"line":609,"column":26},"end":{"line":609,"column":27}},"loc":{"start":{"line":609,"column":49},"end":{"line":616,"column":5}},"line":609},"74":{"name":"(anonymous_74)","decl":{"start":{"line":611,"column":27},"end":{"line":611,"column":28}},"loc":{"start":{"line":611,"column":44},"end":{"line":615,"column":9}},"line":611},"75":{"name":"(anonymous_75)","decl":{"start":{"line":623,"column":26},"end":{"line":623,"column":27}},"loc":{"start":{"line":623,"column":52},"end":{"line":632,"column":1}},"line":623},"76":{"name":"(anonymous_76)","decl":{"start":{"line":624,"column":26},"end":{"line":624,"column":27}},"loc":{"start":{"line":624,"column":49},"end":{"line":631,"column":5}},"line":624},"77":{"name":"(anonymous_77)","decl":{"start":{"line":626,"column":27},"end":{"line":626,"column":28}},"loc":{"start":{"line":626,"column":44},"end":{"line":630,"column":9}},"line":626}},"branchMap":{"0":{"loc":{"start":{"line":19,"column":12},"end":{"line":24,"column":13}},"type":"if","locations":[{"start":{"line":19,"column":12},"end":{"line":24,"column":13}},{"start":{"line":19,"column":12},"end":{"line":24,"column":13}}],"line":19},"1":{"loc":{"start":{"line":22,"column":20},"end":{"line":22,"column":41}},"type":"if","locations":[{"start":{"line":22,"column":20},"end":{"line":22,"column":41}},{"start":{"line":22,"column":20},"end":{"line":22,"column":41}}],"line":22},"2":{"loc":{"start":{"line":27,"column":12},"end":{"line":32,"column":13}},"type":"if","locations":[{"start":{"line":27,"column":12},"end":{"line":32,"column":13}},{"start":{"line":27,"column":12},"end":{"line":32,"column":13}}],"line":27},"3":{"loc":{"start":{"line":30,"column":20},"end":{"line":30,"column":41}},"type":"if","locations":[{"start":{"line":30,"column":20},"end":{"line":30,"column":41}},{"start":{"line":30,"column":20},"end":{"line":30,"column":41}}],"line":30},"4":{"loc":{"start":{"line":41,"column":0},"end":{"line":61,"column":1}},"type":"if","locations":[{"start":{"line":41,"column":0},"end":{"line":61,"column":1}},{"start":{"line":41,"column":0},"end":{"line":61,"column":1}}],"line":41},"5":{"loc":{"start":{"line":42,"column":4},"end":{"line":60,"column":5}},"type":"if","locations":[{"start":{"line":42,"column":4},"end":{"line":60,"column":5}},{"start":{"line":42,"column":4},"end":{"line":60,"column":5}}],"line":42},"6":{"loc":{"start":{"line":42,"column":9},"end":{"line":42,"column":53}},"type":"binary-expr","locations":[{"start":{"line":42,"column":9},"end":{"line":42,"column":25}},{"start":{"line":42,"column":29},"end":{"line":42,"column":53}}],"line":42},"7":{"loc":{"start":{"line":46,"column":8},"end":{"line":48,"column":9}},"type":"if","locations":[{"start":{"line":46,"column":8},"end":{"line":48,"column":9}},{"start":{"line":46,"column":8},"end":{"line":48,"column":9}}],"line":46},"8":{"loc":{"start":{"line":51,"column":12},"end":{"line":52,"column":83}},"type":"if","locations":[{"start":{"line":51,"column":12},"end":{"line":52,"column":83}},{"start":{"line":51,"column":12},"end":{"line":52,"column":83}}],"line":51},"9":{"loc":{"start":{"line":57,"column":12},"end":{"line":58,"column":78}},"type":"if","locations":[{"start":{"line":57,"column":12},"end":{"line":58,"column":78}},{"start":{"line":57,"column":12},"end":{"line":58,"column":78}}],"line":57},"10":{"loc":{"start":{"line":82,"column":16},"end":{"line":93,"column":17}},"type":"if","locations":[{"start":{"line":82,"column":16},"end":{"line":93,"column":17}},{"start":{"line":82,"column":16},"end":{"line":93,"column":17}}],"line":82},"11":{"loc":{"start":{"line":84,"column":23},"end":{"line":93,"column":17}},"type":"if","locations":[{"start":{"line":84,"column":23},"end":{"line":93,"column":17}},{"start":{"line":84,"column":23},"end":{"line":93,"column":17}}],"line":84},"12":{"loc":{"start":{"line":87,"column":20},"end":{"line":87,"column":72}},"type":"if","locations":[{"start":{"line":87,"column":20},"end":{"line":87,"column":72}},{"start":{"line":87,"column":20},"end":{"line":87,"column":72}}],"line":87},"13":{"loc":{"start":{"line":112,"column":8},"end":{"line":112,"column":33}},"type":"if","locations":[{"start":{"line":112,"column":8},"end":{"line":112,"column":33}},{"start":{"line":112,"column":8},"end":{"line":112,"column":33}}],"line":112},"14":{"loc":{"start":{"line":113,"column":8},"end":{"line":114,"column":26}},"type":"if","locations":[{"start":{"line":113,"column":8},"end":{"line":114,"column":26}},{"start":{"line":113,"column":8},"end":{"line":114,"column":26}}],"line":113},"15":{"loc":{"start":{"line":133,"column":16},"end":{"line":144,"column":17}},"type":"if","locations":[{"start":{"line":133,"column":16},"end":{"line":144,"column":17}},{"start":{"line":133,"column":16},"end":{"line":144,"column":17}}],"line":133},"16":{"loc":{"start":{"line":135,"column":23},"end":{"line":144,"column":17}},"type":"if","locations":[{"start":{"line":135,"column":23},"end":{"line":144,"column":17}},{"start":{"line":135,"column":23},"end":{"line":144,"column":17}}],"line":135},"17":{"loc":{"start":{"line":138,"column":20},"end":{"line":138,"column":72}},"type":"if","locations":[{"start":{"line":138,"column":20},"end":{"line":138,"column":72}},{"start":{"line":138,"column":20},"end":{"line":138,"column":72}}],"line":138},"18":{"loc":{"start":{"line":168,"column":12},"end":{"line":168,"column":37}},"type":"if","locations":[{"start":{"line":168,"column":12},"end":{"line":168,"column":37}},{"start":{"line":168,"column":12},"end":{"line":168,"column":37}}],"line":168},"19":{"loc":{"start":{"line":169,"column":12},"end":{"line":176,"column":32}},"type":"if","locations":[{"start":{"line":169,"column":12},"end":{"line":176,"column":32}},{"start":{"line":169,"column":12},"end":{"line":176,"column":32}}],"line":169},"20":{"loc":{"start":{"line":169,"column":17},"end":{"line":169,"column":42}},"type":"binary-expr","locations":[{"start":{"line":169,"column":17},"end":{"line":169,"column":20}},{"start":{"line":169,"column":24},"end":{"line":169,"column":42}}],"line":169},"21":{"loc":{"start":{"line":174,"column":20},"end":{"line":174,"column":54}},"type":"cond-expr","locations":[{"start":{"line":174,"column":26},"end":{"line":174,"column":39}},{"start":{"line":174,"column":42},"end":{"line":174,"column":54}}],"line":174},"22":{"loc":{"start":{"line":197,"column":8},"end":{"line":197,"column":33}},"type":"if","locations":[{"start":{"line":197,"column":8},"end":{"line":197,"column":33}},{"start":{"line":197,"column":8},"end":{"line":197,"column":33}}],"line":197},"23":{"loc":{"start":{"line":198,"column":8},"end":{"line":199,"column":26}},"type":"if","locations":[{"start":{"line":198,"column":8},"end":{"line":199,"column":26}},{"start":{"line":198,"column":8},"end":{"line":199,"column":26}}],"line":198},"24":{"loc":{"start":{"line":233,"column":12},"end":{"line":233,"column":37}},"type":"if","locations":[{"start":{"line":233,"column":12},"end":{"line":233,"column":37}},{"start":{"line":233,"column":12},"end":{"line":233,"column":37}}],"line":233},"25":{"loc":{"start":{"line":234,"column":12},"end":{"line":235,"column":30}},"type":"if","locations":[{"start":{"line":234,"column":12},"end":{"line":235,"column":30}},{"start":{"line":234,"column":12},"end":{"line":235,"column":30}}],"line":234},"26":{"loc":{"start":{"line":262,"column":12},"end":{"line":262,"column":37}},"type":"if","locations":[{"start":{"line":262,"column":12},"end":{"line":262,"column":37}},{"start":{"line":262,"column":12},"end":{"line":262,"column":37}}],"line":262},"27":{"loc":{"start":{"line":263,"column":12},"end":{"line":267,"column":30}},"type":"if","locations":[{"start":{"line":263,"column":12},"end":{"line":267,"column":30}},{"start":{"line":263,"column":12},"end":{"line":267,"column":30}}],"line":263},"28":{"loc":{"start":{"line":280,"column":12},"end":{"line":280,"column":37}},"type":"if","locations":[{"start":{"line":280,"column":12},"end":{"line":280,"column":37}},{"start":{"line":280,"column":12},"end":{"line":280,"column":37}}],"line":280},"29":{"loc":{"start":{"line":281,"column":12},"end":{"line":282,"column":30}},"type":"if","locations":[{"start":{"line":281,"column":12},"end":{"line":282,"column":30}},{"start":{"line":281,"column":12},"end":{"line":282,"column":30}}],"line":281},"30":{"loc":{"start":{"line":297,"column":12},"end":{"line":297,"column":37}},"type":"if","locations":[{"start":{"line":297,"column":12},"end":{"line":297,"column":37}},{"start":{"line":297,"column":12},"end":{"line":297,"column":37}}],"line":297},"31":{"loc":{"start":{"line":298,"column":12},"end":{"line":299,"column":28}},"type":"if","locations":[{"start":{"line":298,"column":12},"end":{"line":299,"column":28}},{"start":{"line":298,"column":12},"end":{"line":299,"column":28}}],"line":298},"32":{"loc":{"start":{"line":313,"column":12},"end":{"line":313,"column":37}},"type":"if","locations":[{"start":{"line":313,"column":12},"end":{"line":313,"column":37}},{"start":{"line":313,"column":12},"end":{"line":313,"column":37}}],"line":313},"33":{"loc":{"start":{"line":314,"column":12},"end":{"line":315,"column":30}},"type":"if","locations":[{"start":{"line":314,"column":12},"end":{"line":315,"column":30}},{"start":{"line":314,"column":12},"end":{"line":315,"column":30}}],"line":314},"34":{"loc":{"start":{"line":328,"column":12},"end":{"line":328,"column":37}},"type":"if","locations":[{"start":{"line":328,"column":12},"end":{"line":328,"column":37}},{"start":{"line":328,"column":12},"end":{"line":328,"column":37}}],"line":328},"35":{"loc":{"start":{"line":329,"column":12},"end":{"line":330,"column":30}},"type":"if","locations":[{"start":{"line":329,"column":12},"end":{"line":330,"column":30}},{"start":{"line":329,"column":12},"end":{"line":330,"column":30}}],"line":329},"36":{"loc":{"start":{"line":366,"column":12},"end":{"line":366,"column":37}},"type":"if","locations":[{"start":{"line":366,"column":12},"end":{"line":366,"column":37}},{"start":{"line":366,"column":12},"end":{"line":366,"column":37}}],"line":366},"37":{"loc":{"start":{"line":367,"column":12},"end":{"line":368,"column":30}},"type":"if","locations":[{"start":{"line":367,"column":12},"end":{"line":368,"column":30}},{"start":{"line":367,"column":12},"end":{"line":368,"column":30}}],"line":367},"38":{"loc":{"start":{"line":381,"column":12},"end":{"line":381,"column":37}},"type":"if","locations":[{"start":{"line":381,"column":12},"end":{"line":381,"column":37}},{"start":{"line":381,"column":12},"end":{"line":381,"column":37}}],"line":381},"39":{"loc":{"start":{"line":382,"column":12},"end":{"line":383,"column":30}},"type":"if","locations":[{"start":{"line":382,"column":12},"end":{"line":383,"column":30}},{"start":{"line":382,"column":12},"end":{"line":383,"column":30}}],"line":382},"40":{"loc":{"start":{"line":392,"column":36},"end":{"line":392,"column":48}},"type":"default-arg","locations":[{"start":{"line":392,"column":43},"end":{"line":392,"column":48}}],"line":392},"41":{"loc":{"start":{"line":411,"column":44},"end":{"line":416,"column":85}},"type":"cond-expr","locations":[{"start":{"line":411,"column":51},"end":{"line":411,"column":64}},{"start":{"line":411,"column":67},"end":{"line":416,"column":85}}],"line":411},"42":{"loc":{"start":{"line":417,"column":44},"end":{"line":422,"column":85}},"type":"cond-expr","locations":[{"start":{"line":417,"column":51},"end":{"line":417,"column":64}},{"start":{"line":417,"column":67},"end":{"line":422,"column":85}}],"line":417},"43":{"loc":{"start":{"line":426,"column":12},"end":{"line":428,"column":28}},"type":"if","locations":[{"start":{"line":426,"column":12},"end":{"line":428,"column":28}},{"start":{"line":426,"column":12},"end":{"line":428,"column":28}}],"line":426},"44":{"loc":{"start":{"line":427,"column":17},"end":{"line":428,"column":28}},"type":"if","locations":[{"start":{"line":427,"column":17},"end":{"line":428,"column":28}},{"start":{"line":427,"column":17},"end":{"line":428,"column":28}}],"line":427},"45":{"loc":{"start":{"line":441,"column":12},"end":{"line":441,"column":37}},"type":"if","locations":[{"start":{"line":441,"column":12},"end":{"line":441,"column":37}},{"start":{"line":441,"column":12},"end":{"line":441,"column":37}}],"line":441},"46":{"loc":{"start":{"line":442,"column":12},"end":{"line":443,"column":30}},"type":"if","locations":[{"start":{"line":442,"column":12},"end":{"line":443,"column":30}},{"start":{"line":442,"column":12},"end":{"line":443,"column":30}}],"line":442},"47":{"loc":{"start":{"line":471,"column":12},"end":{"line":471,"column":37}},"type":"if","locations":[{"start":{"line":471,"column":12},"end":{"line":471,"column":37}},{"start":{"line":471,"column":12},"end":{"line":471,"column":37}}],"line":471},"48":{"loc":{"start":{"line":472,"column":12},"end":{"line":473,"column":30}},"type":"if","locations":[{"start":{"line":472,"column":12},"end":{"line":473,"column":30}},{"start":{"line":472,"column":12},"end":{"line":473,"column":30}}],"line":472},"49":{"loc":{"start":{"line":496,"column":12},"end":{"line":496,"column":37}},"type":"if","locations":[{"start":{"line":496,"column":12},"end":{"line":496,"column":37}},{"start":{"line":496,"column":12},"end":{"line":496,"column":37}}],"line":496},"50":{"loc":{"start":{"line":497,"column":12},"end":{"line":498,"column":30}},"type":"if","locations":[{"start":{"line":497,"column":12},"end":{"line":498,"column":30}},{"start":{"line":497,"column":12},"end":{"line":498,"column":30}}],"line":497},"51":{"loc":{"start":{"line":514,"column":12},"end":{"line":514,"column":37}},"type":"if","locations":[{"start":{"line":514,"column":12},"end":{"line":514,"column":37}},{"start":{"line":514,"column":12},"end":{"line":514,"column":37}}],"line":514},"52":{"loc":{"start":{"line":515,"column":12},"end":{"line":516,"column":30}},"type":"if","locations":[{"start":{"line":515,"column":12},"end":{"line":516,"column":30}},{"start":{"line":515,"column":12},"end":{"line":516,"column":30}}],"line":515},"53":{"loc":{"start":{"line":552,"column":12},"end":{"line":552,"column":37}},"type":"if","locations":[{"start":{"line":552,"column":12},"end":{"line":552,"column":37}},{"start":{"line":552,"column":12},"end":{"line":552,"column":37}}],"line":552},"54":{"loc":{"start":{"line":553,"column":12},"end":{"line":554,"column":30}},"type":"if","locations":[{"start":{"line":553,"column":12},"end":{"line":554,"column":30}},{"start":{"line":553,"column":12},"end":{"line":554,"column":30}}],"line":553},"55":{"loc":{"start":{"line":582,"column":12},"end":{"line":582,"column":37}},"type":"if","locations":[{"start":{"line":582,"column":12},"end":{"line":582,"column":37}},{"start":{"line":582,"column":12},"end":{"line":582,"column":37}}],"line":582},"56":{"loc":{"start":{"line":583,"column":12},"end":{"line":584,"column":30}},"type":"if","locations":[{"start":{"line":583,"column":12},"end":{"line":584,"column":30}},{"start":{"line":583,"column":12},"end":{"line":584,"column":30}}],"line":583},"57":{"loc":{"start":{"line":597,"column":12},"end":{"line":597,"column":37}},"type":"if","locations":[{"start":{"line":597,"column":12},"end":{"line":597,"column":37}},{"start":{"line":597,"column":12},"end":{"line":597,"column":37}}],"line":597},"58":{"loc":{"start":{"line":598,"column":12},"end":{"line":599,"column":30}},"type":"if","locations":[{"start":{"line":598,"column":12},"end":{"line":599,"column":30}},{"start":{"line":598,"column":12},"end":{"line":599,"column":30}}],"line":598},"59":{"loc":{"start":{"line":612,"column":12},"end":{"line":612,"column":37}},"type":"if","locations":[{"start":{"line":612,"column":12},"end":{"line":612,"column":37}},{"start":{"line":612,"column":12},"end":{"line":612,"column":37}}],"line":612},"60":{"loc":{"start":{"line":613,"column":12},"end":{"line":614,"column":30}},"type":"if","locations":[{"start":{"line":613,"column":12},"end":{"line":614,"column":30}},{"start":{"line":613,"column":12},"end":{"line":614,"column":30}}],"line":613},"61":{"loc":{"start":{"line":627,"column":12},"end":{"line":627,"column":37}},"type":"if","locations":[{"start":{"line":627,"column":12},"end":{"line":627,"column":37}},{"start":{"line":627,"column":12},"end":{"line":627,"column":37}}],"line":627},"62":{"loc":{"start":{"line":628,"column":12},"end":{"line":629,"column":30}},"type":"if","locations":[{"start":{"line":628,"column":12},"end":{"line":629,"column":30}},{"start":{"line":628,"column":12},"end":{"line":629,"column":30}}],"line":628}},"s":{"0":2,"1":2,"2":2,"3":2,"4":2,"5":2,"6":2,"7":2,"8":2,"9":2,"10":2,"11":2,"12":18,"13":16,"14":16,"15":16,"16":0,"17":2,"18":64,"19":62,"20":62,"21":62,"22":0,"23":2,"24":2,"25":2,"26":2,"27":2,"28":1,"29":2,"30":2,"31":0,"32":2,"33":2,"34":0,"35":0,"36":0,"37":0,"38":2,"39":4,"40":4,"41":4,"42":4,"43":4,"44":12,"45":12,"46":0,"47":12,"48":8,"49":8,"50":0,"51":4,"52":4,"53":4,"54":2,"55":2,"56":2,"57":2,"58":2,"59":0,"60":2,"61":2,"62":0,"63":2,"64":3,"65":3,"66":3,"67":3,"68":3,"69":9,"70":9,"71":0,"72":9,"73":8,"74":8,"75":2,"76":1,"77":1,"78":1,"79":2,"80":2,"81":2,"82":2,"83":2,"84":2,"85":0,"86":2,"87":2,"88":2,"89":0,"90":2,"91":2,"92":2,"93":2,"94":2,"95":0,"96":2,"97":2,"98":0,"99":2,"100":3,"101":3,"102":3,"103":3,"104":0,"105":3,"106":3,"107":0,"108":2,"109":1,"110":1,"111":1,"112":1,"113":0,"114":1,"115":1,"116":1,"117":0,"118":2,"119":0,"120":0,"121":0,"122":0,"123":0,"124":0,"125":0,"126":0,"127":2,"128":1,"129":1,"130":1,"131":1,"132":0,"133":1,"134":1,"135":0,"136":2,"137":0,"138":0,"139":0,"140":0,"141":0,"142":0,"143":0,"144":0,"145":2,"146":1,"147":1,"148":1,"149":1,"150":0,"151":1,"152":1,"153":0,"154":2,"155":1,"156":1,"157":1,"158":1,"159":0,"160":1,"161":1,"162":0,"163":2,"164":2,"165":2,"166":2,"167":2,"168":0,"169":2,"170":2,"171":0,"172":2,"173":1,"174":1,"175":1,"176":1,"177":0,"178":1,"179":1,"180":0,"181":2,"182":1,"183":1,"184":1,"185":1,"186":0,"187":1,"188":1,"189":0,"190":2,"191":0,"192":0,"193":0,"194":0,"195":0,"196":0,"197":0,"198":0,"199":2,"200":0,"201":0,"202":0,"203":0,"204":0,"205":0,"206":0,"207":0,"208":2,"209":0,"210":0,"211":0,"212":0,"213":0,"214":0,"215":0,"216":0,"217":2,"218":0,"219":0,"220":0,"221":0,"222":0,"223":0,"224":0,"225":0,"226":0,"227":0,"228":2,"229":0,"230":0,"231":0,"232":0,"233":0,"234":0,"235":0,"236":0,"237":0,"238":0,"239":2,"240":0,"241":0,"242":0,"243":0,"244":0,"245":0,"246":0,"247":0,"248":2,"249":0,"250":0,"251":0,"252":0,"253":0,"254":0,"255":0,"256":0,"257":2,"258":0,"259":0,"260":0,"261":0,"262":0,"263":0,"264":0,"265":0},"f":{"0":2,"1":2,"2":18,"3":16,"4":64,"5":62,"6":2,"7":0,"8":4,"9":4,"10":12,"11":2,"12":2,"13":2,"14":3,"15":3,"16":9,"17":2,"18":2,"19":2,"20":2,"21":2,"22":2,"23":2,"24":3,"25":3,"26":3,"27":1,"28":1,"29":1,"30":0,"31":0,"32":0,"33":1,"34":1,"35":1,"36":0,"37":0,"38":0,"39":1,"40":1,"41":1,"42":1,"43":1,"44":1,"45":2,"46":2,"47":2,"48":1,"49":1,"50":1,"51":1,"52":1,"53":1,"54":0,"55":0,"56":0,"57":0,"58":0,"59":0,"60":0,"61":0,"62":0,"63":0,"64":0,"65":0,"66":0,"67":0,"68":0,"69":0,"70":0,"71":0,"72":0,"73":0,"74":0,"75":0,"76":0,"77":0},"b":{"0":[16,2],"1":[0,16],"2":[62,2],"3":[0,62],"4":[2,0],"5":[2,0],"6":[2,2],"7":[1,1],"8":[0,2],"9":[0,0],"10":[0,12],"11":[8,4],"12":[0,8],"13":[0,2],"14":[2,0],"15":[0,9],"16":[8,1],"17":[2,6],"18":[0,2],"19":[2,0],"20":[2,2],"21":[0,2],"22":[0,2],"23":[2,0],"24":[0,3],"25":[3,0],"26":[0,1],"27":[1,0],"28":[0,0],"29":[0,0],"30":[0,1],"31":[1,0],"32":[0,0],"33":[0,0],"34":[0,1],"35":[1,0],"36":[0,1],"37":[1,0],"38":[0,2],"39":[2,0],"40":[0],"41":[1,0],"42":[1,0],"43":[0,1],"44":[1,0],"45":[0,1],"46":[1,0],"47":[0,0],"48":[0,0],"49":[0,0],"50":[0,0],"51":[0,0],"52":[0,0],"53":[0,0],"54":[0,0],"55":[0,0],"56":[0,0],"57":[0,0],"58":[0,0],"59":[0,0],"60":[0,0],"61":[0,0],"62":[0,0]},"_coverageSchema":"1a1c01bbd47fc00a2c39e90264f33305004495a9","hash":"b0ede5b33da01979d188b49d7327013668b68d5e"}
,"/home/elisa/Scrivania/proj/PULSeBS_Repo/pulsebs-server/server.js": {"path":"/home/elisa/Scrivania/proj/PULSeBS_Repo/pulsebs-server/server.js","statementMap":{"0":{"start":{"line":1,"column":16},"end":{"line":1,"column":36}},"1":{"start":{"line":3,"column":19},"end":{"line":3,"column":44}},"2":{"start":{"line":4,"column":15},"end":{"line":4,"column":34}},"3":{"start":{"line":5,"column":12},"end":{"line":5,"column":36}},"4":{"start":{"line":6,"column":21},"end":{"line":6,"column":46}},"5":{"start":{"line":7,"column":21},"end":{"line":7,"column":47}},"6":{"start":{"line":8,"column":15},"end":{"line":8,"column":34}},"7":{"start":{"line":10,"column":18},"end":{"line":10,"column":84}},"8":{"start":{"line":11,"column":19},"end":{"line":11,"column":22}},"9":{"start":{"line":12,"column":15},"end":{"line":12,"column":34}},"10":{"start":{"line":14,"column":17},"end":{"line":14,"column":41}},"11":{"start":{"line":15,"column":19},"end":{"line":15,"column":40}},"12":{"start":{"line":16,"column":21},"end":{"line":16,"column":39}},"13":{"start":{"line":20,"column":21},"end":{"line":20,"column":84}},"14":{"start":{"line":22,"column":0},"end":{"line":28,"column":1}},"15":{"start":{"line":27,"column":4},"end":{"line":27,"column":53}},"16":{"start":{"line":31,"column":12},"end":{"line":31,"column":21}},"17":{"start":{"line":32,"column":13},"end":{"line":32,"column":17}},"18":{"start":{"line":35,"column":0},"end":{"line":35,"column":28}},"19":{"start":{"line":38,"column":0},"end":{"line":38,"column":26}},"20":{"start":{"line":41,"column":18},"end":{"line":41,"column":22}},"21":{"start":{"line":42,"column":18},"end":{"line":53,"column":49}},"22":{"start":{"line":56,"column":10},"end":{"line":87,"column":3}},"23":{"start":{"line":57,"column":4},"end":{"line":57,"column":84}},"24":{"start":{"line":60,"column":4},"end":{"line":86,"column":5}},"25":{"start":{"line":62,"column":18},"end":{"line":81,"column":72}},"26":{"start":{"line":63,"column":22},"end":{"line":80,"column":26}},"27":{"start":{"line":64,"column":26},"end":{"line":71,"column":28}},"28":{"start":{"line":73,"column":26},"end":{"line":79,"column":30}},"29":{"start":{"line":74,"column":30},"end":{"line":78,"column":31}},"30":{"start":{"line":75,"column":34},"end":{"line":75,"column":55}},"31":{"start":{"line":77,"column":34},"end":{"line":77,"column":103}},"32":{"start":{"line":81,"column":25},"end":{"line":81,"column":72}},"33":{"start":{"line":84,"column":12},"end":{"line":84,"column":31}},"34":{"start":{"line":91,"column":0},"end":{"line":127,"column":4}},"35":{"start":{"line":92,"column":18},"end":{"line":92,"column":32}},"36":{"start":{"line":93,"column":21},"end":{"line":93,"column":38}},"37":{"start":{"line":94,"column":4},"end":{"line":126,"column":6}},"38":{"start":{"line":96,"column":18},"end":{"line":117,"column":19}},"39":{"start":{"line":97,"column":22},"end":{"line":99,"column":50}},"40":{"start":{"line":101,"column":22},"end":{"line":116,"column":23}},"41":{"start":{"line":102,"column":26},"end":{"line":104,"column":54}},"42":{"start":{"line":107,"column":40},"end":{"line":107,"column":112}},"43":{"start":{"line":108,"column":26},"end":{"line":108,"column":116}},"44":{"start":{"line":109,"column":26},"end":{"line":115,"column":40}},"45":{"start":{"line":121,"column":12},"end":{"line":121,"column":31}},"46":{"start":{"line":122,"column":12},"end":{"line":124,"column":68}},"47":{"start":{"line":123,"column":16},"end":{"line":123,"column":43}},"48":{"start":{"line":124,"column":28},"end":{"line":124,"column":66}},"49":{"start":{"line":129,"column":0},"end":{"line":129,"column":26}},"50":{"start":{"line":135,"column":0},"end":{"line":137,"column":4}},"51":{"start":{"line":136,"column":4},"end":{"line":136,"column":37}},"52":{"start":{"line":140,"column":0},"end":{"line":145,"column":2}},"53":{"start":{"line":143,"column":30},"end":{"line":143,"column":47}},"54":{"start":{"line":148,"column":0},"end":{"line":152,"column":4}},"55":{"start":{"line":149,"column":4},"end":{"line":151,"column":5}},"56":{"start":{"line":150,"column":8},"end":{"line":150,"column":47}},"57":{"start":{"line":158,"column":16},"end":{"line":161,"column":1}},"58":{"start":{"line":163,"column":18},"end":{"line":166,"column":1}},"59":{"start":{"line":168,"column":19},"end":{"line":171,"column":1}},"60":{"start":{"line":174,"column":0},"end":{"line":188,"column":3}},"61":{"start":{"line":175,"column":17},"end":{"line":175,"column":42}},"62":{"start":{"line":176,"column":4},"end":{"line":187,"column":8}},"63":{"start":{"line":178,"column":12},"end":{"line":182,"column":29}},"64":{"start":{"line":185,"column":9},"end":{"line":185,"column":44}},"65":{"start":{"line":192,"column":0},"end":{"line":203,"column":4}},"66":{"start":{"line":193,"column":17},"end":{"line":193,"column":42}},"67":{"start":{"line":194,"column":4},"end":{"line":202,"column":18}},"68":{"start":{"line":196,"column":18},"end":{"line":196,"column":39}},"69":{"start":{"line":199,"column":18},"end":{"line":201,"column":46}},"70":{"start":{"line":205,"column":0},"end":{"line":215,"column":4}},"71":{"start":{"line":206,"column":17},"end":{"line":206,"column":42}},"72":{"start":{"line":207,"column":4},"end":{"line":214,"column":8}},"73":{"start":{"line":209,"column":18},"end":{"line":209,"column":39}},"74":{"start":{"line":211,"column":8},"end":{"line":213,"column":36}},"75":{"start":{"line":221,"column":0},"end":{"line":233,"column":4}},"76":{"start":{"line":222,"column":17},"end":{"line":222,"column":42}},"77":{"start":{"line":224,"column":4},"end":{"line":232,"column":18}},"78":{"start":{"line":226,"column":18},"end":{"line":226,"column":39}},"79":{"start":{"line":229,"column":18},"end":{"line":231,"column":46}},"80":{"start":{"line":237,"column":0},"end":{"line":285,"column":4}},"81":{"start":{"line":238,"column":22},"end":{"line":238,"column":40}},"82":{"start":{"line":239,"column":4},"end":{"line":284,"column":5}},"83":{"start":{"line":240,"column":8},"end":{"line":240,"column":32}},"84":{"start":{"line":242,"column":21},"end":{"line":242,"column":46}},"85":{"start":{"line":243,"column":8},"end":{"line":283,"column":22}},"86":{"start":{"line":245,"column":22},"end":{"line":276,"column":27}},"87":{"start":{"line":248,"column":28},"end":{"line":273,"column":31}},"88":{"start":{"line":250,"column":44},"end":{"line":250,"column":57}},"89":{"start":{"line":251,"column":43},"end":{"line":251,"column":55}},"90":{"start":{"line":252,"column":46},"end":{"line":252,"column":61}},"91":{"start":{"line":255,"column":32},"end":{"line":262,"column":34}},"92":{"start":{"line":264,"column":32},"end":{"line":270,"column":28}},"93":{"start":{"line":265,"column":36},"end":{"line":269,"column":37}},"94":{"start":{"line":266,"column":40},"end":{"line":266,"column":61}},"95":{"start":{"line":268,"column":40},"end":{"line":268,"column":109}},"96":{"start":{"line":272,"column":32},"end":{"line":272,"column":51}},"97":{"start":{"line":275,"column":28},"end":{"line":275,"column":47}},"98":{"start":{"line":279,"column":22},"end":{"line":279,"column":58}},"99":{"start":{"line":282,"column":22},"end":{"line":282,"column":94}},"100":{"start":{"line":290,"column":0},"end":{"line":302,"column":3}},"101":{"start":{"line":291,"column":17},"end":{"line":291,"column":42}},"102":{"start":{"line":293,"column":4},"end":{"line":301,"column":18}},"103":{"start":{"line":295,"column":18},"end":{"line":295,"column":39}},"104":{"start":{"line":298,"column":18},"end":{"line":300,"column":46}},"105":{"start":{"line":305,"column":0},"end":{"line":319,"column":3}},"106":{"start":{"line":306,"column":22},"end":{"line":306,"column":35}},"107":{"start":{"line":307,"column":4},"end":{"line":318,"column":5}},"108":{"start":{"line":308,"column":8},"end":{"line":308,"column":30}},"109":{"start":{"line":311,"column":8},"end":{"line":317,"column":11}},"110":{"start":{"line":312,"column":32},"end":{"line":312,"column":64}},"111":{"start":{"line":314,"column":16},"end":{"line":316,"column":19}},"112":{"start":{"line":321,"column":0},"end":{"line":335,"column":3}},"113":{"start":{"line":322,"column":22},"end":{"line":322,"column":35}},"114":{"start":{"line":323,"column":4},"end":{"line":334,"column":5}},"115":{"start":{"line":324,"column":8},"end":{"line":324,"column":30}},"116":{"start":{"line":327,"column":8},"end":{"line":333,"column":11}},"117":{"start":{"line":328,"column":32},"end":{"line":328,"column":64}},"118":{"start":{"line":330,"column":16},"end":{"line":332,"column":19}},"119":{"start":{"line":346,"column":0},"end":{"line":346,"column":21}},"120":{"start":{"line":347,"column":0},"end":{"line":347,"column":122}},"121":{"start":{"line":347,"column":53},"end":{"line":347,"column":121}}},"fnMap":{"0":{"name":"(anonymous_0)","decl":{"start":{"line":22,"column":16},"end":{"line":22,"column":17}},"loc":{"start":{"line":22,"column":44},"end":{"line":28,"column":1}},"line":22},"1":{"name":"(anonymous_1)","decl":{"start":{"line":56,"column":66},"end":{"line":56,"column":67}},"loc":{"start":{"line":56,"column":72},"end":{"line":87,"column":1}},"line":56},"2":{"name":"(anonymous_2)","decl":{"start":{"line":61,"column":21},"end":{"line":61,"column":22}},"loc":{"start":{"line":61,"column":36},"end":{"line":82,"column":15}},"line":61},"3":{"name":"(anonymous_3)","decl":{"start":{"line":63,"column":39},"end":{"line":63,"column":40}},"loc":{"start":{"line":63,"column":44},"end":{"line":80,"column":23}},"line":63},"4":{"name":"(anonymous_4)","decl":{"start":{"line":73,"column":61},"end":{"line":73,"column":62}},"loc":{"start":{"line":73,"column":86},"end":{"line":79,"column":27}},"line":73},"5":{"name":"(anonymous_5)","decl":{"start":{"line":83,"column":8},"end":{"line":83,"column":9}},"loc":{"start":{"line":83,"column":19},"end":{"line":85,"column":9}},"line":83},"6":{"name":"(anonymous_6)","decl":{"start":{"line":91,"column":24},"end":{"line":91,"column":25}},"loc":{"start":{"line":91,"column":40},"end":{"line":127,"column":1}},"line":91},"7":{"name":"(anonymous_7)","decl":{"start":{"line":95,"column":21},"end":{"line":95,"column":22}},"loc":{"start":{"line":95,"column":33},"end":{"line":118,"column":15}},"line":95},"8":{"name":"(anonymous_8)","decl":{"start":{"line":120,"column":8},"end":{"line":120,"column":9}},"loc":{"start":{"line":120,"column":19},"end":{"line":125,"column":9}},"line":120},"9":{"name":"(anonymous_9)","decl":{"start":{"line":122,"column":25},"end":{"line":122,"column":26}},"loc":{"start":{"line":122,"column":40},"end":{"line":124,"column":13}},"line":122},"10":{"name":"(anonymous_10)","decl":{"start":{"line":124,"column":22},"end":{"line":124,"column":23}},"loc":{"start":{"line":124,"column":28},"end":{"line":124,"column":66}},"line":124},"11":{"name":"(anonymous_11)","decl":{"start":{"line":135,"column":25},"end":{"line":135,"column":26}},"loc":{"start":{"line":135,"column":41},"end":{"line":137,"column":1}},"line":135},"12":{"name":"(anonymous_12)","decl":{"start":{"line":143,"column":23},"end":{"line":143,"column":24}},"loc":{"start":{"line":143,"column":30},"end":{"line":143,"column":47}},"line":143},"13":{"name":"(anonymous_13)","decl":{"start":{"line":148,"column":9},"end":{"line":148,"column":10}},"loc":{"start":{"line":148,"column":42},"end":{"line":152,"column":1}},"line":148},"14":{"name":"(anonymous_14)","decl":{"start":{"line":174,"column":21},"end":{"line":174,"column":22}},"loc":{"start":{"line":174,"column":34},"end":{"line":188,"column":1}},"line":174},"15":{"name":"(anonymous_15)","decl":{"start":{"line":177,"column":14},"end":{"line":177,"column":15}},"loc":{"start":{"line":177,"column":24},"end":{"line":183,"column":9}},"line":177},"16":{"name":"(anonymous_16)","decl":{"start":{"line":184,"column":8},"end":{"line":184,"column":9}},"loc":{"start":{"line":184,"column":17},"end":{"line":186,"column":9}},"line":184},"17":{"name":"(anonymous_17)","decl":{"start":{"line":192,"column":34},"end":{"line":192,"column":35}},"loc":{"start":{"line":192,"column":50},"end":{"line":203,"column":1}},"line":192},"18":{"name":"(anonymous_18)","decl":{"start":{"line":195,"column":21},"end":{"line":195,"column":22}},"loc":{"start":{"line":195,"column":37},"end":{"line":197,"column":15}},"line":195},"19":{"name":"(anonymous_19)","decl":{"start":{"line":198,"column":22},"end":{"line":198,"column":23}},"loc":{"start":{"line":198,"column":33},"end":{"line":202,"column":15}},"line":198},"20":{"name":"(anonymous_20)","decl":{"start":{"line":205,"column":39},"end":{"line":205,"column":40}},"loc":{"start":{"line":205,"column":55},"end":{"line":215,"column":1}},"line":205},"21":{"name":"(anonymous_21)","decl":{"start":{"line":208,"column":21},"end":{"line":208,"column":22}},"loc":{"start":{"line":208,"column":37},"end":{"line":210,"column":15}},"line":208},"22":{"name":"(anonymous_22)","decl":{"start":{"line":210,"column":25},"end":{"line":210,"column":26}},"loc":{"start":{"line":210,"column":36},"end":{"line":214,"column":5}},"line":210},"23":{"name":"(anonymous_23)","decl":{"start":{"line":221,"column":34},"end":{"line":221,"column":35}},"loc":{"start":{"line":221,"column":50},"end":{"line":233,"column":1}},"line":221},"24":{"name":"(anonymous_24)","decl":{"start":{"line":225,"column":21},"end":{"line":225,"column":22}},"loc":{"start":{"line":225,"column":37},"end":{"line":227,"column":15}},"line":225},"25":{"name":"(anonymous_25)","decl":{"start":{"line":228,"column":22},"end":{"line":228,"column":23}},"loc":{"start":{"line":228,"column":33},"end":{"line":232,"column":15}},"line":228},"26":{"name":"(anonymous_26)","decl":{"start":{"line":237,"column":34},"end":{"line":237,"column":35}},"loc":{"start":{"line":237,"column":50},"end":{"line":285,"column":1}},"line":237},"27":{"name":"(anonymous_27)","decl":{"start":{"line":244,"column":25},"end":{"line":244,"column":26}},"loc":{"start":{"line":244,"column":41},"end":{"line":280,"column":19}},"line":244},"28":{"name":"(anonymous_28)","decl":{"start":{"line":246,"column":31},"end":{"line":246,"column":32}},"loc":{"start":{"line":246,"column":46},"end":{"line":274,"column":25}},"line":246},"29":{"name":"(anonymous_29)","decl":{"start":{"line":249,"column":34},"end":{"line":249,"column":35}},"loc":{"start":{"line":249,"column":47},"end":{"line":271,"column":29}},"line":249},"30":{"name":"(anonymous_30)","decl":{"start":{"line":264,"column":67},"end":{"line":264,"column":68}},"loc":{"start":{"line":264,"column":92},"end":{"line":270,"column":25}},"line":264},"31":{"name":"(anonymous_31)","decl":{"start":{"line":271,"column":37},"end":{"line":271,"column":38}},"loc":{"start":{"line":271,"column":48},"end":{"line":273,"column":29}},"line":271},"32":{"name":"(anonymous_32)","decl":{"start":{"line":274,"column":33},"end":{"line":274,"column":34}},"loc":{"start":{"line":274,"column":44},"end":{"line":276,"column":25}},"line":274},"33":{"name":"(anonymous_33)","decl":{"start":{"line":281,"column":26},"end":{"line":281,"column":27}},"loc":{"start":{"line":281,"column":37},"end":{"line":283,"column":19}},"line":281},"34":{"name":"(anonymous_34)","decl":{"start":{"line":290,"column":34},"end":{"line":290,"column":35}},"loc":{"start":{"line":290,"column":50},"end":{"line":302,"column":1}},"line":290},"35":{"name":"(anonymous_35)","decl":{"start":{"line":294,"column":21},"end":{"line":294,"column":22}},"loc":{"start":{"line":294,"column":37},"end":{"line":296,"column":15}},"line":294},"36":{"name":"(anonymous_36)","decl":{"start":{"line":297,"column":22},"end":{"line":297,"column":23}},"loc":{"start":{"line":297,"column":33},"end":{"line":301,"column":15}},"line":297},"37":{"name":"(anonymous_37)","decl":{"start":{"line":305,"column":40},"end":{"line":305,"column":41}},"loc":{"start":{"line":305,"column":54},"end":{"line":319,"column":1}},"line":305},"38":{"name":"(anonymous_38)","decl":{"start":{"line":312,"column":18},"end":{"line":312,"column":19}},"loc":{"start":{"line":312,"column":32},"end":{"line":312,"column":64}},"line":312},"39":{"name":"(anonymous_39)","decl":{"start":{"line":313,"column":19},"end":{"line":313,"column":20}},"loc":{"start":{"line":313,"column":28},"end":{"line":317,"column":9}},"line":313},"40":{"name":"(anonymous_40)","decl":{"start":{"line":321,"column":40},"end":{"line":321,"column":41}},"loc":{"start":{"line":321,"column":54},"end":{"line":335,"column":1}},"line":321},"41":{"name":"(anonymous_41)","decl":{"start":{"line":328,"column":18},"end":{"line":328,"column":19}},"loc":{"start":{"line":328,"column":32},"end":{"line":328,"column":64}},"line":328},"42":{"name":"(anonymous_42)","decl":{"start":{"line":329,"column":19},"end":{"line":329,"column":20}},"loc":{"start":{"line":329,"column":28},"end":{"line":333,"column":9}},"line":329},"43":{"name":"(anonymous_43)","decl":{"start":{"line":347,"column":47},"end":{"line":347,"column":48}},"loc":{"start":{"line":347,"column":53},"end":{"line":347,"column":121}},"line":347}},"branchMap":{"0":{"loc":{"start":{"line":62,"column":18},"end":{"line":81,"column":72}},"type":"if","locations":[{"start":{"line":62,"column":18},"end":{"line":81,"column":72}},{"start":{"line":62,"column":18},"end":{"line":81,"column":72}}],"line":62},"1":{"loc":{"start":{"line":74,"column":30},"end":{"line":78,"column":31}},"type":"if","locations":[{"start":{"line":74,"column":30},"end":{"line":78,"column":31}},{"start":{"line":74,"column":30},"end":{"line":78,"column":31}}],"line":74},"2":{"loc":{"start":{"line":96,"column":18},"end":{"line":117,"column":19}},"type":"if","locations":[{"start":{"line":96,"column":18},"end":{"line":117,"column":19}},{"start":{"line":96,"column":18},"end":{"line":117,"column":19}}],"line":96},"3":{"loc":{"start":{"line":101,"column":22},"end":{"line":116,"column":23}},"type":"if","locations":[{"start":{"line":101,"column":22},"end":{"line":116,"column":23}},{"start":{"line":101,"column":22},"end":{"line":116,"column":23}}],"line":101},"4":{"loc":{"start":{"line":149,"column":4},"end":{"line":151,"column":5}},"type":"if","locations":[{"start":{"line":149,"column":4},"end":{"line":151,"column":5}},{"start":{"line":149,"column":4},"end":{"line":151,"column":5}}],"line":149},"5":{"loc":{"start":{"line":175,"column":17},"end":{"line":175,"column":42}},"type":"binary-expr","locations":[{"start":{"line":175,"column":17},"end":{"line":175,"column":25}},{"start":{"line":175,"column":29},"end":{"line":175,"column":42}}],"line":175},"6":{"loc":{"start":{"line":193,"column":17},"end":{"line":193,"column":42}},"type":"binary-expr","locations":[{"start":{"line":193,"column":17},"end":{"line":193,"column":25}},{"start":{"line":193,"column":29},"end":{"line":193,"column":42}}],"line":193},"7":{"loc":{"start":{"line":206,"column":17},"end":{"line":206,"column":42}},"type":"binary-expr","locations":[{"start":{"line":206,"column":17},"end":{"line":206,"column":25}},{"start":{"line":206,"column":29},"end":{"line":206,"column":42}}],"line":206},"8":{"loc":{"start":{"line":222,"column":17},"end":{"line":222,"column":42}},"type":"binary-expr","locations":[{"start":{"line":222,"column":17},"end":{"line":222,"column":25}},{"start":{"line":222,"column":29},"end":{"line":222,"column":42}}],"line":222},"9":{"loc":{"start":{"line":239,"column":4},"end":{"line":284,"column":5}},"type":"if","locations":[{"start":{"line":239,"column":4},"end":{"line":284,"column":5}},{"start":{"line":239,"column":4},"end":{"line":284,"column":5}}],"line":239},"10":{"loc":{"start":{"line":242,"column":21},"end":{"line":242,"column":46}},"type":"binary-expr","locations":[{"start":{"line":242,"column":21},"end":{"line":242,"column":29}},{"start":{"line":242,"column":33},"end":{"line":242,"column":46}}],"line":242},"11":{"loc":{"start":{"line":265,"column":36},"end":{"line":269,"column":37}},"type":"if","locations":[{"start":{"line":265,"column":36},"end":{"line":269,"column":37}},{"start":{"line":265,"column":36},"end":{"line":269,"column":37}}],"line":265},"12":{"loc":{"start":{"line":291,"column":17},"end":{"line":291,"column":42}},"type":"binary-expr","locations":[{"start":{"line":291,"column":17},"end":{"line":291,"column":25}},{"start":{"line":291,"column":29},"end":{"line":291,"column":42}}],"line":291},"13":{"loc":{"start":{"line":307,"column":4},"end":{"line":318,"column":5}},"type":"if","locations":[{"start":{"line":307,"column":4},"end":{"line":318,"column":5}},{"start":{"line":307,"column":4},"end":{"line":318,"column":5}}],"line":307},"14":{"loc":{"start":{"line":323,"column":4},"end":{"line":334,"column":5}},"type":"if","locations":[{"start":{"line":323,"column":4},"end":{"line":334,"column":5}},{"start":{"line":323,"column":4},"end":{"line":334,"column":5}}],"line":323}},"s":{"0":1,"1":1,"2":1,"3":1,"4":1,"5":1,"6":1,"7":1,"8":1,"9":1,"10":1,"11":1,"12":1,"13":1,"14":1,"15":1,"16":1,"17":1,"18":1,"19":1,"20":1,"21":1,"22":1,"23":0,"24":0,"25":0,"26":0,"27":0,"28":0,"29":0,"30":0,"31":0,"32":0,"33":0,"34":1,"35":1,"36":1,"37":1,"38":1,"39":0,"40":1,"41":0,"42":1,"43":1,"44":1,"45":0,"46":0,"47":0,"48":0,"49":1,"50":1,"51":0,"52":1,"53":8,"54":1,"55":0,"56":0,"57":1,"58":1,"59":1,"60":1,"61":0,"62":0,"63":0,"64":0,"65":1,"66":0,"67":0,"68":0,"69":0,"70":1,"71":0,"72":0,"73":0,"74":0,"75":1,"76":2,"77":2,"78":2,"79":0,"80":1,"81":1,"82":1,"83":0,"84":1,"85":1,"86":1,"87":1,"88":1,"89":1,"90":1,"91":1,"92":1,"93":0,"94":0,"95":0,"96":0,"97":0,"98":1,"99":0,"100":1,"101":0,"102":0,"103":0,"104":0,"105":1,"106":0,"107":0,"108":0,"109":0,"110":0,"111":0,"112":1,"113":1,"114":1,"115":0,"116":1,"117":1,"118":0,"119":1,"120":1,"121":1},"f":{"0":1,"1":0,"2":0,"3":0,"4":0,"5":0,"6":1,"7":1,"8":0,"9":0,"10":0,"11":0,"12":8,"13":0,"14":0,"15":0,"16":0,"17":0,"18":0,"19":0,"20":0,"21":0,"22":0,"23":2,"24":2,"25":0,"26":1,"27":1,"28":1,"29":1,"30":0,"31":0,"32":0,"33":0,"34":0,"35":0,"36":0,"37":0,"38":0,"39":0,"40":1,"41":1,"42":0,"43":1},"b":{"0":[0,0],"1":[0,0],"2":[0,1],"3":[0,1],"4":[0,0],"5":[0,0],"6":[0,0],"7":[0,0],"8":[2,2],"9":[0,1],"10":[1,1],"11":[0,0],"12":[0,0],"13":[0,0],"14":[0,1]},"_coverageSchema":"1a1c01bbd47fc00a2c39e90264f33305004495a9","hash":"de6a174a717d11b8d91d7fe32883c5b1336bd222"}
}
