TN:
SF:User.js
FN:2,(anonymous_0)
FNF:1
FNH:1
FNDA:1,(anonymous_0)
DA:4,1
DA:5,1
DA:6,1
DA:7,1
DA:8,1
DA:11,1
DA:15,2
LF:7
LH:7
BRF:0
BRH:0
end_of_record
TN:
SF:pulsebsDAO.js
FN:9,loadData
FN:15,(anonymous_1)
FN:18,(anonymous_2)
FN:21,(anonymous_3)
FN:26,(anonymous_4)
FN:29,(anonymous_5)
FN:51,(anonymous_6)
FN:57,(anonymous_7)
FN:73,(anonymous_8)
FN:74,(anonymous_9)
FN:82,(anonymous_10)
FN:105,(anonymous_11)
FN:106,(anonymous_12)
FN:117,(anonymous_13)
FN:122,(anonymous_14)
FN:135,(anonymous_15)
FN:136,(anonymous_16)
FN:158,(anonymous_17)
FN:170,(anonymous_18)
FN:171,(anonymous_19)
FN:185,(anonymous_20)
FN:197,(anonymous_21)
FN:198,(anonymous_22)
FN:200,(anonymous_23)
FN:212,(anonymous_24)
FN:213,(anonymous_25)
FN:217,(anonymous_26)
FN:230,(anonymous_27)
FN:231,(anonymous_28)
FN:233,(anonymous_29)
FN:245,(anonymous_30)
FN:246,(anonymous_31)
FN:248,(anonymous_32)
FN:261,(anonymous_33)
FN:262,(anonymous_34)
FN:286,(anonymous_35)
FN:298,(anonymous_36)
FN:299,(anonymous_37)
FN:301,(anonymous_38)
FN:313,(anonymous_39)
FN:314,(anonymous_40)
FN:346,(anonymous_41)
FN:358,(anonymous_42)
FN:359,(anonymous_43)
FN:361,(anonymous_44)
FN:374,(anonymous_45)
FN:375,(anonymous_46)
FN:391,(anonymous_47)
FN:404,(anonymous_48)
FN:405,(anonymous_49)
FN:416,(anonymous_50)
FN:428,(anonymous_51)
FN:429,(anonymous_52)
FN:434,(anonymous_53)
FN:446,(anonymous_54)
FN:447,(anonymous_55)
FN:472,(anonymous_56)
FN:484,(anonymous_57)
FN:485,(anonymous_58)
FN:502,(anonymous_59)
FN:514,(anonymous_60)
FN:515,(anonymous_61)
FN:517,(anonymous_62)
FN:529,(anonymous_63)
FN:530,(anonymous_64)
FN:532,(anonymous_65)
FN:544,(anonymous_66)
FN:545,(anonymous_67)
FN:547,(anonymous_68)
FNF:69
FNH:31
FNDA:2,loadData
FNDA:2,(anonymous_1)
FNDA:18,(anonymous_2)
FNDA:18,(anonymous_3)
FNDA:64,(anonymous_4)
FNDA:35,(anonymous_5)
FNDA:2,(anonymous_6)
FNDA:0,(anonymous_7)
FNDA:4,(anonymous_8)
FNDA:4,(anonymous_9)
FNDA:3,(anonymous_10)
FNDA:2,(anonymous_11)
FNDA:2,(anonymous_12)
FNDA:1,(anonymous_13)
FNDA:0,(anonymous_14)
FNDA:2,(anonymous_15)
FNDA:2,(anonymous_16)
FNDA:1,(anonymous_17)
FNDA:1,(anonymous_18)
FNDA:1,(anonymous_19)
FNDA:0,(anonymous_20)
FNDA:0,(anonymous_21)
FNDA:0,(anonymous_22)
FNDA:0,(anonymous_23)
FNDA:1,(anonymous_24)
FNDA:1,(anonymous_25)
FNDA:0,(anonymous_26)
FNDA:0,(anonymous_27)
FNDA:0,(anonymous_28)
FNDA:0,(anonymous_29)
FNDA:1,(anonymous_30)
FNDA:1,(anonymous_31)
FNDA:0,(anonymous_32)
FNDA:2,(anonymous_33)
FNDA:2,(anonymous_34)
FNDA:1,(anonymous_35)
FNDA:1,(anonymous_36)
FNDA:1,(anonymous_37)
FNDA:0,(anonymous_38)
FNDA:1,(anonymous_39)
FNDA:1,(anonymous_40)
FNDA:0,(anonymous_41)
FNDA:1,(anonymous_42)
FNDA:1,(anonymous_43)
FNDA:0,(anonymous_44)
FNDA:0,(anonymous_45)
FNDA:0,(anonymous_46)
FNDA:0,(anonymous_47)
FNDA:0,(anonymous_48)
FNDA:0,(anonymous_49)
FNDA:0,(anonymous_50)
FNDA:0,(anonymous_51)
FNDA:0,(anonymous_52)
FNDA:0,(anonymous_53)
FNDA:0,(anonymous_54)
FNDA:0,(anonymous_55)
FNDA:0,(anonymous_56)
FNDA:0,(anonymous_57)
FNDA:0,(anonymous_58)
FNDA:0,(anonymous_59)
FNDA:0,(anonymous_60)
FNDA:0,(anonymous_61)
FNDA:0,(anonymous_62)
FNDA:0,(anonymous_63)
FNDA:0,(anonymous_64)
FNDA:0,(anonymous_65)
FNDA:0,(anonymous_66)
FNDA:0,(anonymous_67)
FNDA:0,(anonymous_68)
DA:1,2
DA:2,2
DA:3,2
DA:5,2
DA:11,2
DA:12,2
DA:13,2
DA:14,2
DA:15,2
DA:16,2
DA:17,2
DA:18,2
DA:19,18
DA:20,18
DA:21,18
DA:22,18
DA:26,2
DA:27,64
DA:28,64
DA:29,64
DA:30,35
DA:34,2
DA:41,2
DA:42,2
DA:44,2
DA:46,2
DA:48,2
DA:51,2
DA:52,2
DA:53,2
DA:55,2
DA:57,0
DA:58,0
DA:59,0
DA:73,2
DA:74,4
DA:75,4
DA:77,4
DA:81,4
DA:82,12
DA:83,3
DA:84,0
DA:85,3
DA:87,2
DA:88,2
DA:91,1
DA:92,1
DA:93,1
DA:105,2
DA:106,2
DA:108,2
DA:115,2
DA:117,2
DA:118,1
DA:119,1
DA:122,0
DA:124,0
DA:126,1
DA:135,2
DA:136,2
DA:137,2
DA:158,2
DA:159,1
DA:160,1
DA:161,0
DA:170,2
DA:171,1
DA:172,1
DA:185,1
DA:186,0
DA:187,0
DA:188,0
DA:197,2
DA:198,0
DA:199,0
DA:200,0
DA:201,0
DA:202,0
DA:203,0
DA:212,2
DA:213,1
DA:214,1
DA:217,1
DA:218,0
DA:219,0
DA:220,0
DA:230,2
DA:231,0
DA:232,0
DA:233,0
DA:234,0
DA:235,0
DA:236,0
DA:245,2
DA:246,1
DA:247,1
DA:248,1
DA:249,0
DA:250,0
DA:251,0
DA:261,2
DA:262,2
DA:263,2
DA:286,2
DA:287,1
DA:288,1
DA:289,0
DA:298,2
DA:299,1
DA:300,1
DA:301,1
DA:302,0
DA:303,0
DA:304,0
DA:313,2
DA:314,1
DA:315,1
DA:346,1
DA:347,0
DA:348,0
DA:349,0
DA:358,2
DA:359,1
DA:360,1
DA:361,1
DA:362,0
DA:363,0
DA:364,0
DA:374,2
DA:375,0
DA:376,0
DA:391,0
DA:392,0
DA:393,0
DA:394,0
DA:404,2
DA:405,0
DA:406,0
DA:416,0
DA:417,0
DA:418,0
DA:419,0
DA:428,2
DA:429,0
DA:431,0
DA:434,0
DA:435,0
DA:436,0
DA:437,0
DA:446,2
DA:447,0
DA:448,0
DA:449,0
DA:451,0
DA:472,0
DA:473,0
DA:474,0
DA:475,0
DA:484,2
DA:485,0
DA:486,0
DA:487,0
DA:489,0
DA:502,0
DA:503,0
DA:504,0
DA:505,0
DA:514,2
DA:515,0
DA:516,0
DA:517,0
DA:518,0
DA:519,0
DA:520,0
DA:529,2
DA:530,0
DA:531,0
DA:532,0
DA:533,0
DA:534,0
DA:535,0
DA:544,2
DA:545,0
DA:546,0
DA:547,0
DA:548,0
DA:549,0
DA:550,0
LF:188
LH:98
BRDA:19,0,0,18
BRDA:19,0,1,0
BRDA:22,1,0,18
BRDA:22,1,1,0
BRDA:27,2,0,64
BRDA:27,2,1,0
BRDA:30,3,0,24
BRDA:30,3,1,11
BRDA:41,4,0,2
BRDA:41,4,1,0
BRDA:42,5,0,2
BRDA:42,5,1,0
BRDA:42,6,0,2
BRDA:42,6,1,2
BRDA:46,7,0,2
BRDA:46,7,1,0
BRDA:52,8,0,0
BRDA:52,8,1,2
BRDA:58,9,0,0
BRDA:58,9,1,0
BRDA:83,10,0,0
BRDA:83,10,1,3
BRDA:85,11,0,2
BRDA:85,11,1,1
BRDA:88,12,0,0
BRDA:88,12,1,2
BRDA:118,13,0,0
BRDA:118,13,1,1
BRDA:119,14,0,0
BRDA:119,14,1,1
BRDA:119,15,0,1
BRDA:119,15,1,1
BRDA:124,16,0,0
BRDA:124,16,1,0
BRDA:159,17,0,0
BRDA:159,17,1,1
BRDA:160,18,0,1
BRDA:160,18,1,0
BRDA:186,19,0,0
BRDA:186,19,1,0
BRDA:187,20,0,0
BRDA:187,20,1,0
BRDA:201,21,0,0
BRDA:201,21,1,0
BRDA:202,22,0,0
BRDA:202,22,1,0
BRDA:218,23,0,0
BRDA:218,23,1,0
BRDA:219,24,0,0
BRDA:219,24,1,0
BRDA:234,25,0,0
BRDA:234,25,1,0
BRDA:235,26,0,0
BRDA:235,26,1,0
BRDA:249,27,0,0
BRDA:249,27,1,0
BRDA:250,28,0,0
BRDA:250,28,1,0
BRDA:287,29,0,0
BRDA:287,29,1,1
BRDA:288,30,0,1
BRDA:288,30,1,0
BRDA:302,31,0,0
BRDA:302,31,1,0
BRDA:303,32,0,0
BRDA:303,32,1,0
BRDA:313,33,0,0
BRDA:332,34,0,1
BRDA:332,34,1,0
BRDA:338,35,0,1
BRDA:338,35,1,0
BRDA:347,36,0,0
BRDA:347,36,1,0
BRDA:348,37,0,0
BRDA:348,37,1,0
BRDA:362,38,0,0
BRDA:362,38,1,0
BRDA:363,39,0,0
BRDA:363,39,1,0
BRDA:392,40,0,0
BRDA:392,40,1,0
BRDA:393,41,0,0
BRDA:393,41,1,0
BRDA:417,42,0,0
BRDA:417,42,1,0
BRDA:418,43,0,0
BRDA:418,43,1,0
BRDA:435,44,0,0
BRDA:435,44,1,0
BRDA:436,45,0,0
BRDA:436,45,1,0
BRDA:473,46,0,0
BRDA:473,46,1,0
BRDA:474,47,0,0
BRDA:474,47,1,0
BRDA:503,48,0,0
BRDA:503,48,1,0
BRDA:504,49,0,0
BRDA:504,49,1,0
BRDA:518,50,0,0
BRDA:518,50,1,0
BRDA:519,51,0,0
BRDA:519,51,1,0
BRDA:533,52,0,0
BRDA:533,52,1,0
BRDA:534,53,0,0
BRDA:534,53,1,0
BRDA:548,54,0,0
BRDA:548,54,1,0
BRDA:549,55,0,0
BRDA:549,55,1,0
BRF:111
BRH:25
end_of_record
TN:
SF:server.js
FN:21,(anonymous_0)
FN:54,(anonymous_1)
FN:59,(anonymous_2)
FN:61,(anonymous_3)
FN:70,(anonymous_4)
FN:80,(anonymous_5)
FN:88,(anonymous_6)
FN:92,(anonymous_7)
FN:117,(anonymous_8)
FN:119,(anonymous_9)
FN:121,(anonymous_10)
FN:132,(anonymous_11)
FN:140,(anonymous_12)
FN:145,(anonymous_13)
FN:172,(anonymous_14)
FN:175,(anonymous_15)
FN:178,(anonymous_16)
FN:185,(anonymous_17)
FN:188,(anonymous_18)
FN:190,(anonymous_19)
FN:202,(anonymous_20)
FN:206,(anonymous_21)
FN:209,(anonymous_22)
FN:218,(anonymous_23)
FN:225,(anonymous_24)
FN:226,(anonymous_25)
FN:235,(anonymous_26)
FN:239,(anonymous_27)
FN:242,(anonymous_28)
FN:250,(anonymous_29)
FN:257,(anonymous_30)
FN:258,(anonymous_31)
FN:270,(anonymous_32)
FNF:33
FNH:10
FNDA:1,(anonymous_0)
FNDA:0,(anonymous_1)
FNDA:0,(anonymous_2)
FNDA:0,(anonymous_3)
FNDA:0,(anonymous_4)
FNDA:0,(anonymous_5)
FNDA:1,(anonymous_6)
FNDA:1,(anonymous_7)
FNDA:0,(anonymous_8)
FNDA:0,(anonymous_9)
FNDA:0,(anonymous_10)
FNDA:0,(anonymous_11)
FNDA:4,(anonymous_12)
FNDA:0,(anonymous_13)
FNDA:0,(anonymous_14)
FNDA:0,(anonymous_15)
FNDA:0,(anonymous_16)
FNDA:0,(anonymous_17)
FNDA:0,(anonymous_18)
FNDA:0,(anonymous_19)
FNDA:1,(anonymous_20)
FNDA:1,(anonymous_21)
FNDA:0,(anonymous_22)
FNDA:1,(anonymous_23)
FNDA:1,(anonymous_24)
FNDA:0,(anonymous_25)
FNDA:1,(anonymous_26)
FNDA:1,(anonymous_27)
FNDA:0,(anonymous_28)
FNDA:0,(anonymous_29)
FNDA:0,(anonymous_30)
FNDA:0,(anonymous_31)
FNDA:0,(anonymous_32)
DA:1,1
DA:3,1
DA:4,1
DA:5,1
DA:6,1
DA:7,1
DA:9,1
DA:10,1
DA:11,1
DA:13,1
DA:14,1
DA:15,1
DA:19,1
DA:21,1
DA:26,1
DA:30,1
DA:31,1
DA:34,1
DA:37,1
DA:40,1
DA:54,1
DA:55,0
DA:58,0
DA:60,0
DA:61,0
DA:62,0
DA:70,0
DA:71,0
DA:72,0
DA:74,0
DA:78,0
DA:81,0
DA:88,1
DA:89,1
DA:90,1
DA:91,1
DA:93,1
DA:94,0
DA:98,1
DA:99,0
DA:104,1
DA:105,1
DA:106,1
DA:118,0
DA:119,0
DA:120,0
DA:121,0
DA:126,1
DA:132,1
DA:133,0
DA:137,1
DA:140,4
DA:145,1
DA:146,0
DA:147,0
DA:155,1
DA:160,1
DA:165,1
DA:172,1
DA:173,0
DA:174,0
DA:176,0
DA:179,0
DA:185,1
DA:186,0
DA:187,0
DA:189,0
DA:191,0
DA:202,1
DA:203,1
DA:205,1
DA:207,1
DA:210,0
DA:218,1
DA:219,1
DA:220,1
DA:221,0
DA:223,1
DA:224,1
DA:225,1
DA:227,0
DA:235,1
DA:236,1
DA:238,1
DA:240,1
DA:243,0
DA:250,1
DA:251,0
DA:252,0
DA:253,0
DA:256,0
DA:257,0
DA:259,0
DA:267,1
DA:268,1
DA:270,0
LF:96
LH:57
BRDA:60,0,0,0
BRDA:60,0,1,0
BRDA:71,1,0,0
BRDA:71,1,1,0
BRDA:93,2,0,0
BRDA:93,2,1,1
BRDA:98,3,0,0
BRDA:98,3,1,1
BRDA:146,4,0,0
BRDA:146,4,1,0
BRDA:173,5,0,0
BRDA:173,5,1,0
BRDA:186,6,0,0
BRDA:186,6,1,0
BRDA:203,7,0,1
BRDA:203,7,1,1
BRDA:220,8,0,0
BRDA:220,8,1,1
BRDA:223,9,0,1
BRDA:223,9,1,1
BRDA:236,10,0,1
BRDA:236,10,1,1
BRDA:252,11,0,0
BRDA:252,11,1,0
BRDA:267,12,0,1
BRDA:267,12,1,0
BRDA:267,13,0,1
BRDA:267,13,1,1
BRF:28
BRH:12
end_of_record
